{"uid":"f1762f310ad13277","name":"Тестироване создания новой сущности 'MILESTONE'","fullName":"test.CreateMilestoneTest.createNewMilestoneTest","historyId":"8f74e15f52ece9d5312fa8dc6610c6","time":{"start":1690195208758,"stop":1690195230495,"duration":21737},"description":"","status":"failed","statusMessage":"Element should have text \"24.07.2023 10:40\" {By.xpath: //*[@id='top-tabContent']//span[text()='Дата создания:']/..}\nElement: '<div class=\"mt-2 mb-1\" data-v-c1c5dca4>Дата создания:\n24.07.2023 13:40</div>'\nActual value: text=\"Дата создания:\n24.07.2023 13:40\"\nScreenshot: file:/home/runner/work/tms_automation/tms_automation/build/reports/tests/1690195230086.0.png\nPage source: file:/home/runner/work/tms_automation/tms_automation/build/reports/tests/1690195230086.0.html\nTimeout: 4 s.","statusTrace":"Element should have text \"24.07.2023 10:40\" {By.xpath: //*[@id='top-tabContent']//span[text()='Дата создания:']/..}\nElement: '<div class=\"mt-2 mb-1\" data-v-c1c5dca4>Дата создания:\n24.07.2023 13:40</div>'\nActual value: text=\"Дата создания:\n24.07.2023 13:40\"\nScreenshot: file:/home/runner/work/tms_automation/tms_automation/build/reports/tests/1690195230086.0.png\nPage source: file:/home/runner/work/tms_automation/tms_automation/build/reports/tests/1690195230086.0.html\nTimeout: 4 s.\n\tat com.codeborne.selenide.impl.WebElementSource.handleError(WebElementSource.java:146)\n\tat com.codeborne.selenide.impl.WebElementSource.checkConditionAndReturnElement(WebElementSource.java:124)\n\tat com.codeborne.selenide.impl.WebElementSource.checkCondition(WebElementSource.java:101)\n\tat com.codeborne.selenide.commands.Should.execute(Should.java:30)\n\tat com.codeborne.selenide.commands.Should.execute(Should.java:14)\n\tat com.codeborne.selenide.commands.Commands.execute(Commands.java:160)\n\tat com.codeborne.selenide.impl.SelenideElementProxy.dispatchAndRetry(SelenideElementProxy.java:132)\n\tat com.codeborne.selenide.impl.SelenideElementProxy.invoke(SelenideElementProxy.java:84)\n\tat com.sun.proxy.$Proxy23.shouldHave(Unknown Source)\n\tat pages.MilestonePage.checkInfoMilestone(MilestonePage.java:55)\n\tat test.CreateMilestoneTest.checkMilestone(CreateMilestoneTest.java:62)\n\tat test.CreateMilestoneTest.createNewMilestoneTest(CreateMilestoneTest.java:40)\n\tat java.base/jdk.internal.reflect.NativeMethodAccessorImpl.invoke0(Native Method)\n\tat java.base/jdk.internal.reflect.NativeMethodAccessorImpl.invoke(NativeMethodAccessorImpl.java:62)\n\tat java.base/jdk.internal.reflect.DelegatingMethodAccessorImpl.invoke(DelegatingMethodAccessorImpl.java:43)\n\tat java.base/java.lang.reflect.Method.invoke(Method.java:566)\n\tat org.junit.platform.commons.util.ReflectionUtils.invokeMethod(ReflectionUtils.java:727)\n\tat org.junit.jupiter.engine.execution.MethodInvocation.proceed(MethodInvocation.java:60)\n\tat org.junit.jupiter.engine.execution.InvocationInterceptorChain$ValidatingInvocation.proceed(InvocationInterceptorChain.java:131)\n\tat org.junit.jupiter.api.extension.InvocationInterceptor.interceptTestMethod(InvocationInterceptor.java:118)\n\tat org.junit.jupiter.engine.execution.InterceptingExecutableInvoker$ReflectiveInterceptorCall.lambda$ofVoidMethod$0(InterceptingExecutableInvoker.java:103)\n\tat org.junit.jupiter.engine.execution.InterceptingExecutableInvoker.lambda$invoke$0(InterceptingExecutableInvoker.java:93)\n\tat org.junit.jupiter.engine.execution.InvocationInterceptorChain$InterceptedInvocation.proceed(InvocationInterceptorChain.java:106)\n\tat org.junit.jupiter.engine.extension.TimeoutExtension.intercept(TimeoutExtension.java:156)\n\tat org.junit.jupiter.engine.extension.TimeoutExtension.interceptTestableMethod(TimeoutExtension.java:147)\n\tat org.junit.jupiter.engine.extension.TimeoutExtension.interceptTestMethod(TimeoutExtension.java:86)\n\tat org.junit.jupiter.engine.execution.InterceptingExecutableInvoker$ReflectiveInterceptorCall.lambda$ofVoidMethod$0(InterceptingExecutableInvoker.java:103)\n\tat org.junit.jupiter.engine.execution.InterceptingExecutableInvoker.lambda$invoke$0(InterceptingExecutableInvoker.java:93)\n\tat org.junit.jupiter.engine.execution.InvocationInterceptorChain$InterceptedInvocation.proceed(InvocationInterceptorChain.java:106)\n\tat org.junit.jupiter.engine.execution.InvocationInterceptorChain.proceed(InvocationInterceptorChain.java:64)\n\tat org.junit.jupiter.engine.execution.InvocationInterceptorChain.chainAndInvoke(InvocationInterceptorChain.java:45)\n\tat org.junit.jupiter.engine.execution.InvocationInterceptorChain.invoke(InvocationInterceptorChain.java:37)\n\tat org.junit.jupiter.engine.execution.InterceptingExecutableInvoker.invoke(InterceptingExecutableInvoker.java:92)\n\tat org.junit.jupiter.engine.execution.InterceptingExecutableInvoker.invoke(InterceptingExecutableInvoker.java:86)\n\tat org.junit.jupiter.engine.descriptor.TestMethodTestDescriptor.lambda$invokeTestMethod$7(TestMethodTestDescriptor.java:217)\n\tat org.junit.platform.engine.support.hierarchical.ThrowableCollector.execute(ThrowableCollector.java:73)\n\tat org.junit.jupiter.engine.descriptor.TestMethodTestDescriptor.invokeTestMethod(TestMethodTestDescriptor.java:213)\n\tat org.junit.jupiter.engine.descriptor.TestMethodTestDescriptor.execute(TestMethodTestDescriptor.java:138)\n\tat org.junit.jupiter.engine.descriptor.TestMethodTestDescriptor.execute(TestMethodTestDescriptor.java:68)\n\tat org.junit.platform.engine.support.hierarchical.NodeTestTask.lambda$executeRecursively$6(NodeTestTask.java:151)\n\tat org.junit.platform.engine.support.hierarchical.ThrowableCollector.execute(ThrowableCollector.java:73)\n\tat org.junit.platform.engine.support.hierarchical.NodeTestTask.lambda$executeRecursively$8(NodeTestTask.java:141)\n\tat org.junit.platform.engine.support.hierarchical.Node.around(Node.java:137)\n\tat org.junit.platform.engine.support.hierarchical.NodeTestTask.lambda$executeRecursively$9(NodeTestTask.java:139)\n\tat org.junit.platform.engine.support.hierarchical.ThrowableCollector.execute(ThrowableCollector.java:73)\n\tat org.junit.platform.engine.support.hierarchical.NodeTestTask.executeRecursively(NodeTestTask.java:138)\n\tat org.junit.platform.engine.support.hierarchical.NodeTestTask.execute(NodeTestTask.java:95)\n\tat java.base/java.util.ArrayList.forEach(ArrayList.java:1541)\n\tat org.junit.platform.engine.support.hierarchical.SameThreadHierarchicalTestExecutorService.invokeAll(SameThreadHierarchicalTestExecutorService.java:41)\n\tat org.junit.platform.engine.support.hierarchical.NodeTestTask.lambda$executeRecursively$6(NodeTestTask.java:155)\n\tat org.junit.platform.engine.support.hierarchical.ThrowableCollector.execute(ThrowableCollector.java:73)\n\tat org.junit.platform.engine.support.hierarchical.NodeTestTask.lambda$executeRecursively$8(NodeTestTask.java:141)\n\tat org.junit.platform.engine.support.hierarchical.Node.around(Node.java:137)\n\tat org.junit.platform.engine.support.hierarchical.NodeTestTask.lambda$executeRecursively$9(NodeTestTask.java:139)\n\tat org.junit.platform.engine.support.hierarchical.ThrowableCollector.execute(ThrowableCollector.java:73)\n\tat org.junit.platform.engine.support.hierarchical.NodeTestTask.executeRecursively(NodeTestTask.java:138)\n\tat org.junit.platform.engine.support.hierarchical.NodeTestTask.execute(NodeTestTask.java:95)\n\tat java.base/java.util.ArrayList.forEach(ArrayList.java:1541)\n\tat org.junit.platform.engine.support.hierarchical.SameThreadHierarchicalTestExecutorService.invokeAll(SameThreadHierarchicalTestExecutorService.java:41)\n\tat org.junit.platform.engine.support.hierarchical.NodeTestTask.lambda$executeRecursively$6(NodeTestTask.java:155)\n\tat org.junit.platform.engine.support.hierarchical.ThrowableCollector.execute(ThrowableCollector.java:73)\n\tat org.junit.platform.engine.support.hierarchical.NodeTestTask.lambda$executeRecursively$8(NodeTestTask.java:141)\n\tat org.junit.platform.engine.support.hierarchical.Node.around(Node.java:137)\n\tat org.junit.platform.engine.support.hierarchical.NodeTestTask.lambda$executeRecursively$9(NodeTestTask.java:139)\n\tat org.junit.platform.engine.support.hierarchical.ThrowableCollector.execute(ThrowableCollector.java:73)\n\tat org.junit.platform.engine.support.hierarchical.NodeTestTask.executeRecursively(NodeTestTask.java:138)\n\tat org.junit.platform.engine.support.hierarchical.NodeTestTask.execute(NodeTestTask.java:95)\n\tat org.junit.platform.engine.support.hierarchical.SameThreadHierarchicalTestExecutorService.submit(SameThreadHierarchicalTestExecutorService.java:35)\n\tat org.junit.platform.engine.support.hierarchical.HierarchicalTestExecutor.execute(HierarchicalTestExecutor.java:57)\n\tat org.junit.platform.engine.support.hierarchical.HierarchicalTestEngine.execute(HierarchicalTestEngine.java:54)\n\tat org.junit.platform.launcher.core.EngineExecutionOrchestrator.execute(EngineExecutionOrchestrator.java:147)\n\tat org.junit.platform.launcher.core.EngineExecutionOrchestrator.execute(EngineExecutionOrchestrator.java:127)\n\tat org.junit.platform.launcher.core.EngineExecutionOrchestrator.execute(EngineExecutionOrchestrator.java:90)\n\tat org.junit.platform.launcher.core.EngineExecutionOrchestrator.lambda$execute$0(EngineExecutionOrchestrator.java:55)\n\tat org.junit.platform.launcher.core.EngineExecutionOrchestrator.withInterceptedStreams(EngineExecutionOrchestrator.java:102)\n\tat org.junit.platform.launcher.core.EngineExecutionOrchestrator.execute(EngineExecutionOrchestrator.java:54)\n\tat org.junit.platform.launcher.core.DefaultLauncher.execute(DefaultLauncher.java:114)\n\tat org.junit.platform.launcher.core.DefaultLauncher.execute(DefaultLauncher.java:86)\n\tat org.junit.platform.launcher.core.DefaultLauncherSession$DelegatingLauncher.execute(DefaultLauncherSession.java:86)\n\tat org.junit.platform.launcher.core.SessionPerRequestLauncher.execute(SessionPerRequestLauncher.java:53)\n\tat org.gradle.api.internal.tasks.testing.junitplatform.JUnitPlatformTestClassProcessor$CollectAllTestClassesExecutor.processAllTestClasses(JUnitPlatformTestClassProcessor.java:99)\n\tat org.gradle.api.internal.tasks.testing.junitplatform.JUnitPlatformTestClassProcessor$CollectAllTestClassesExecutor.access$000(JUnitPlatformTestClassProcessor.java:79)\n\tat org.gradle.api.internal.tasks.testing.junitplatform.JUnitPlatformTestClassProcessor.stop(JUnitPlatformTestClassProcessor.java:75)\n\tat org.gradle.api.internal.tasks.testing.SuiteTestClassProcessor.stop(SuiteTestClassProcessor.java:61)\n\tat java.base/jdk.internal.reflect.NativeMethodAccessorImpl.invoke0(Native Method)\n\tat java.base/jdk.internal.reflect.NativeMethodAccessorImpl.invoke(NativeMethodAccessorImpl.java:62)\n\tat java.base/jdk.internal.reflect.DelegatingMethodAccessorImpl.invoke(DelegatingMethodAccessorImpl.java:43)\n\tat java.base/java.lang.reflect.Method.invoke(Method.java:566)\n\tat org.gradle.internal.dispatch.ReflectionDispatch.dispatch(ReflectionDispatch.java:36)\n\tat org.gradle.internal.dispatch.ReflectionDispatch.dispatch(ReflectionDispatch.java:24)\n\tat org.gradle.internal.dispatch.ContextClassLoaderDispatch.dispatch(ContextClassLoaderDispatch.java:33)\n\tat org.gradle.internal.dispatch.ProxyDispatchAdapter$DispatchingInvocationHandler.invoke(ProxyDispatchAdapter.java:94)\n\tat com.sun.proxy.$Proxy2.stop(Unknown Source)\n\tat org.gradle.api.internal.tasks.testing.worker.TestWorker.stop(TestWorker.java:133)\n\tat java.base/jdk.internal.reflect.NativeMethodAccessorImpl.invoke0(Native Method)\n\tat java.base/jdk.internal.reflect.NativeMethodAccessorImpl.invoke(NativeMethodAccessorImpl.java:62)\n\tat java.base/jdk.internal.reflect.DelegatingMethodAccessorImpl.invoke(DelegatingMethodAccessorImpl.java:43)\n\tat java.base/java.lang.reflect.Method.invoke(Method.java:566)\n\tat org.gradle.internal.dispatch.ReflectionDispatch.dispatch(ReflectionDispatch.java:36)\n\tat org.gradle.internal.dispatch.ReflectionDispatch.dispatch(ReflectionDispatch.java:24)\n\tat org.gradle.internal.remote.internal.hub.MessageHubBackedObjectConnection$DispatchWrapper.dispatch(MessageHubBackedObjectConnection.java:182)\n\tat org.gradle.internal.remote.internal.hub.MessageHubBackedObjectConnection$DispatchWrapper.dispatch(MessageHubBackedObjectConnection.java:164)\n\tat org.gradle.internal.remote.internal.hub.MessageHub$Handler.run(MessageHub.java:414)\n\tat org.gradle.internal.concurrent.ExecutorPolicy$CatchAndRecordFailures.onExecute(ExecutorPolicy.java:64)\n\tat org.gradle.internal.concurrent.ManagedExecutorImpl$1.run(ManagedExecutorImpl.java:48)\n\tat java.base/java.util.concurrent.ThreadPoolExecutor.runWorker(ThreadPoolExecutor.java:1128)\n\tat java.base/java.util.concurrent.ThreadPoolExecutor$Worker.run(ThreadPoolExecutor.java:628)\n\tat org.gradle.internal.concurrent.ThreadFactoryImpl$ManagedThreadRunnable.run(ThreadFactoryImpl.java:56)\n\tat java.base/java.lang.Thread.run(Thread.java:829)\n","flaky":false,"newFailed":false,"newBroken":false,"newPassed":false,"retriesCount":0,"retriesStatusChange":false,"beforeStages":[{"name":"beforeAll","time":{"start":1690195208688,"stop":1690195208701,"duration":13},"status":"passed","steps":[],"attachments":[],"parameters":[],"stepsCount":0,"attachmentsCount":0,"shouldDisplayMessage":false,"hasContent":false}],"testStage":{"description":"","status":"failed","statusMessage":"Element should have text \"24.07.2023 10:40\" {By.xpath: //*[@id='top-tabContent']//span[text()='Дата создания:']/..}\nElement: '<div class=\"mt-2 mb-1\" data-v-c1c5dca4>Дата создания:\n24.07.2023 13:40</div>'\nActual value: text=\"Дата создания:\n24.07.2023 13:40\"\nScreenshot: file:/home/runner/work/tms_automation/tms_automation/build/reports/tests/1690195230086.0.png\nPage source: file:/home/runner/work/tms_automation/tms_automation/build/reports/tests/1690195230086.0.html\nTimeout: 4 s.","statusTrace":"Element should have text \"24.07.2023 10:40\" {By.xpath: //*[@id='top-tabContent']//span[text()='Дата создания:']/..}\nElement: '<div class=\"mt-2 mb-1\" data-v-c1c5dca4>Дата создания:\n24.07.2023 13:40</div>'\nActual value: text=\"Дата создания:\n24.07.2023 13:40\"\nScreenshot: file:/home/runner/work/tms_automation/tms_automation/build/reports/tests/1690195230086.0.png\nPage source: file:/home/runner/work/tms_automation/tms_automation/build/reports/tests/1690195230086.0.html\nTimeout: 4 s.\n\tat com.codeborne.selenide.impl.WebElementSource.handleError(WebElementSource.java:146)\n\tat com.codeborne.selenide.impl.WebElementSource.checkConditionAndReturnElement(WebElementSource.java:124)\n\tat com.codeborne.selenide.impl.WebElementSource.checkCondition(WebElementSource.java:101)\n\tat com.codeborne.selenide.commands.Should.execute(Should.java:30)\n\tat com.codeborne.selenide.commands.Should.execute(Should.java:14)\n\tat com.codeborne.selenide.commands.Commands.execute(Commands.java:160)\n\tat com.codeborne.selenide.impl.SelenideElementProxy.dispatchAndRetry(SelenideElementProxy.java:132)\n\tat com.codeborne.selenide.impl.SelenideElementProxy.invoke(SelenideElementProxy.java:84)\n\tat com.sun.proxy.$Proxy23.shouldHave(Unknown Source)\n\tat pages.MilestonePage.checkInfoMilestone(MilestonePage.java:55)\n\tat test.CreateMilestoneTest.checkMilestone(CreateMilestoneTest.java:62)\n\tat test.CreateMilestoneTest.createNewMilestoneTest(CreateMilestoneTest.java:40)\n\tat java.base/jdk.internal.reflect.NativeMethodAccessorImpl.invoke0(Native Method)\n\tat java.base/jdk.internal.reflect.NativeMethodAccessorImpl.invoke(NativeMethodAccessorImpl.java:62)\n\tat java.base/jdk.internal.reflect.DelegatingMethodAccessorImpl.invoke(DelegatingMethodAccessorImpl.java:43)\n\tat java.base/java.lang.reflect.Method.invoke(Method.java:566)\n\tat org.junit.platform.commons.util.ReflectionUtils.invokeMethod(ReflectionUtils.java:727)\n\tat org.junit.jupiter.engine.execution.MethodInvocation.proceed(MethodInvocation.java:60)\n\tat org.junit.jupiter.engine.execution.InvocationInterceptorChain$ValidatingInvocation.proceed(InvocationInterceptorChain.java:131)\n\tat org.junit.jupiter.api.extension.InvocationInterceptor.interceptTestMethod(InvocationInterceptor.java:118)\n\tat org.junit.jupiter.engine.execution.InterceptingExecutableInvoker$ReflectiveInterceptorCall.lambda$ofVoidMethod$0(InterceptingExecutableInvoker.java:103)\n\tat org.junit.jupiter.engine.execution.InterceptingExecutableInvoker.lambda$invoke$0(InterceptingExecutableInvoker.java:93)\n\tat org.junit.jupiter.engine.execution.InvocationInterceptorChain$InterceptedInvocation.proceed(InvocationInterceptorChain.java:106)\n\tat org.junit.jupiter.engine.extension.TimeoutExtension.intercept(TimeoutExtension.java:156)\n\tat org.junit.jupiter.engine.extension.TimeoutExtension.interceptTestableMethod(TimeoutExtension.java:147)\n\tat org.junit.jupiter.engine.extension.TimeoutExtension.interceptTestMethod(TimeoutExtension.java:86)\n\tat org.junit.jupiter.engine.execution.InterceptingExecutableInvoker$ReflectiveInterceptorCall.lambda$ofVoidMethod$0(InterceptingExecutableInvoker.java:103)\n\tat org.junit.jupiter.engine.execution.InterceptingExecutableInvoker.lambda$invoke$0(InterceptingExecutableInvoker.java:93)\n\tat org.junit.jupiter.engine.execution.InvocationInterceptorChain$InterceptedInvocation.proceed(InvocationInterceptorChain.java:106)\n\tat org.junit.jupiter.engine.execution.InvocationInterceptorChain.proceed(InvocationInterceptorChain.java:64)\n\tat org.junit.jupiter.engine.execution.InvocationInterceptorChain.chainAndInvoke(InvocationInterceptorChain.java:45)\n\tat org.junit.jupiter.engine.execution.InvocationInterceptorChain.invoke(InvocationInterceptorChain.java:37)\n\tat org.junit.jupiter.engine.execution.InterceptingExecutableInvoker.invoke(InterceptingExecutableInvoker.java:92)\n\tat org.junit.jupiter.engine.execution.InterceptingExecutableInvoker.invoke(InterceptingExecutableInvoker.java:86)\n\tat org.junit.jupiter.engine.descriptor.TestMethodTestDescriptor.lambda$invokeTestMethod$7(TestMethodTestDescriptor.java:217)\n\tat org.junit.platform.engine.support.hierarchical.ThrowableCollector.execute(ThrowableCollector.java:73)\n\tat org.junit.jupiter.engine.descriptor.TestMethodTestDescriptor.invokeTestMethod(TestMethodTestDescriptor.java:213)\n\tat org.junit.jupiter.engine.descriptor.TestMethodTestDescriptor.execute(TestMethodTestDescriptor.java:138)\n\tat org.junit.jupiter.engine.descriptor.TestMethodTestDescriptor.execute(TestMethodTestDescriptor.java:68)\n\tat org.junit.platform.engine.support.hierarchical.NodeTestTask.lambda$executeRecursively$6(NodeTestTask.java:151)\n\tat org.junit.platform.engine.support.hierarchical.ThrowableCollector.execute(ThrowableCollector.java:73)\n\tat org.junit.platform.engine.support.hierarchical.NodeTestTask.lambda$executeRecursively$8(NodeTestTask.java:141)\n\tat org.junit.platform.engine.support.hierarchical.Node.around(Node.java:137)\n\tat org.junit.platform.engine.support.hierarchical.NodeTestTask.lambda$executeRecursively$9(NodeTestTask.java:139)\n\tat org.junit.platform.engine.support.hierarchical.ThrowableCollector.execute(ThrowableCollector.java:73)\n\tat org.junit.platform.engine.support.hierarchical.NodeTestTask.executeRecursively(NodeTestTask.java:138)\n\tat org.junit.platform.engine.support.hierarchical.NodeTestTask.execute(NodeTestTask.java:95)\n\tat java.base/java.util.ArrayList.forEach(ArrayList.java:1541)\n\tat org.junit.platform.engine.support.hierarchical.SameThreadHierarchicalTestExecutorService.invokeAll(SameThreadHierarchicalTestExecutorService.java:41)\n\tat org.junit.platform.engine.support.hierarchical.NodeTestTask.lambda$executeRecursively$6(NodeTestTask.java:155)\n\tat org.junit.platform.engine.support.hierarchical.ThrowableCollector.execute(ThrowableCollector.java:73)\n\tat org.junit.platform.engine.support.hierarchical.NodeTestTask.lambda$executeRecursively$8(NodeTestTask.java:141)\n\tat org.junit.platform.engine.support.hierarchical.Node.around(Node.java:137)\n\tat org.junit.platform.engine.support.hierarchical.NodeTestTask.lambda$executeRecursively$9(NodeTestTask.java:139)\n\tat org.junit.platform.engine.support.hierarchical.ThrowableCollector.execute(ThrowableCollector.java:73)\n\tat org.junit.platform.engine.support.hierarchical.NodeTestTask.executeRecursively(NodeTestTask.java:138)\n\tat org.junit.platform.engine.support.hierarchical.NodeTestTask.execute(NodeTestTask.java:95)\n\tat java.base/java.util.ArrayList.forEach(ArrayList.java:1541)\n\tat org.junit.platform.engine.support.hierarchical.SameThreadHierarchicalTestExecutorService.invokeAll(SameThreadHierarchicalTestExecutorService.java:41)\n\tat org.junit.platform.engine.support.hierarchical.NodeTestTask.lambda$executeRecursively$6(NodeTestTask.java:155)\n\tat org.junit.platform.engine.support.hierarchical.ThrowableCollector.execute(ThrowableCollector.java:73)\n\tat org.junit.platform.engine.support.hierarchical.NodeTestTask.lambda$executeRecursively$8(NodeTestTask.java:141)\n\tat org.junit.platform.engine.support.hierarchical.Node.around(Node.java:137)\n\tat org.junit.platform.engine.support.hierarchical.NodeTestTask.lambda$executeRecursively$9(NodeTestTask.java:139)\n\tat org.junit.platform.engine.support.hierarchical.ThrowableCollector.execute(ThrowableCollector.java:73)\n\tat org.junit.platform.engine.support.hierarchical.NodeTestTask.executeRecursively(NodeTestTask.java:138)\n\tat org.junit.platform.engine.support.hierarchical.NodeTestTask.execute(NodeTestTask.java:95)\n\tat org.junit.platform.engine.support.hierarchical.SameThreadHierarchicalTestExecutorService.submit(SameThreadHierarchicalTestExecutorService.java:35)\n\tat org.junit.platform.engine.support.hierarchical.HierarchicalTestExecutor.execute(HierarchicalTestExecutor.java:57)\n\tat org.junit.platform.engine.support.hierarchical.HierarchicalTestEngine.execute(HierarchicalTestEngine.java:54)\n\tat org.junit.platform.launcher.core.EngineExecutionOrchestrator.execute(EngineExecutionOrchestrator.java:147)\n\tat org.junit.platform.launcher.core.EngineExecutionOrchestrator.execute(EngineExecutionOrchestrator.java:127)\n\tat org.junit.platform.launcher.core.EngineExecutionOrchestrator.execute(EngineExecutionOrchestrator.java:90)\n\tat org.junit.platform.launcher.core.EngineExecutionOrchestrator.lambda$execute$0(EngineExecutionOrchestrator.java:55)\n\tat org.junit.platform.launcher.core.EngineExecutionOrchestrator.withInterceptedStreams(EngineExecutionOrchestrator.java:102)\n\tat org.junit.platform.launcher.core.EngineExecutionOrchestrator.execute(EngineExecutionOrchestrator.java:54)\n\tat org.junit.platform.launcher.core.DefaultLauncher.execute(DefaultLauncher.java:114)\n\tat org.junit.platform.launcher.core.DefaultLauncher.execute(DefaultLauncher.java:86)\n\tat org.junit.platform.launcher.core.DefaultLauncherSession$DelegatingLauncher.execute(DefaultLauncherSession.java:86)\n\tat org.junit.platform.launcher.core.SessionPerRequestLauncher.execute(SessionPerRequestLauncher.java:53)\n\tat org.gradle.api.internal.tasks.testing.junitplatform.JUnitPlatformTestClassProcessor$CollectAllTestClassesExecutor.processAllTestClasses(JUnitPlatformTestClassProcessor.java:99)\n\tat org.gradle.api.internal.tasks.testing.junitplatform.JUnitPlatformTestClassProcessor$CollectAllTestClassesExecutor.access$000(JUnitPlatformTestClassProcessor.java:79)\n\tat org.gradle.api.internal.tasks.testing.junitplatform.JUnitPlatformTestClassProcessor.stop(JUnitPlatformTestClassProcessor.java:75)\n\tat org.gradle.api.internal.tasks.testing.SuiteTestClassProcessor.stop(SuiteTestClassProcessor.java:61)\n\tat java.base/jdk.internal.reflect.NativeMethodAccessorImpl.invoke0(Native Method)\n\tat java.base/jdk.internal.reflect.NativeMethodAccessorImpl.invoke(NativeMethodAccessorImpl.java:62)\n\tat java.base/jdk.internal.reflect.DelegatingMethodAccessorImpl.invoke(DelegatingMethodAccessorImpl.java:43)\n\tat java.base/java.lang.reflect.Method.invoke(Method.java:566)\n\tat org.gradle.internal.dispatch.ReflectionDispatch.dispatch(ReflectionDispatch.java:36)\n\tat org.gradle.internal.dispatch.ReflectionDispatch.dispatch(ReflectionDispatch.java:24)\n\tat org.gradle.internal.dispatch.ContextClassLoaderDispatch.dispatch(ContextClassLoaderDispatch.java:33)\n\tat org.gradle.internal.dispatch.ProxyDispatchAdapter$DispatchingInvocationHandler.invoke(ProxyDispatchAdapter.java:94)\n\tat com.sun.proxy.$Proxy2.stop(Unknown Source)\n\tat org.gradle.api.internal.tasks.testing.worker.TestWorker.stop(TestWorker.java:133)\n\tat java.base/jdk.internal.reflect.NativeMethodAccessorImpl.invoke0(Native Method)\n\tat java.base/jdk.internal.reflect.NativeMethodAccessorImpl.invoke(NativeMethodAccessorImpl.java:62)\n\tat java.base/jdk.internal.reflect.DelegatingMethodAccessorImpl.invoke(DelegatingMethodAccessorImpl.java:43)\n\tat java.base/java.lang.reflect.Method.invoke(Method.java:566)\n\tat org.gradle.internal.dispatch.ReflectionDispatch.dispatch(ReflectionDispatch.java:36)\n\tat org.gradle.internal.dispatch.ReflectionDispatch.dispatch(ReflectionDispatch.java:24)\n\tat org.gradle.internal.remote.internal.hub.MessageHubBackedObjectConnection$DispatchWrapper.dispatch(MessageHubBackedObjectConnection.java:182)\n\tat org.gradle.internal.remote.internal.hub.MessageHubBackedObjectConnection$DispatchWrapper.dispatch(MessageHubBackedObjectConnection.java:164)\n\tat org.gradle.internal.remote.internal.hub.MessageHub$Handler.run(MessageHub.java:414)\n\tat org.gradle.internal.concurrent.ExecutorPolicy$CatchAndRecordFailures.onExecute(ExecutorPolicy.java:64)\n\tat org.gradle.internal.concurrent.ManagedExecutorImpl$1.run(ManagedExecutorImpl.java:48)\n\tat java.base/java.util.concurrent.ThreadPoolExecutor.runWorker(ThreadPoolExecutor.java:1128)\n\tat java.base/java.util.concurrent.ThreadPoolExecutor$Worker.run(ThreadPoolExecutor.java:628)\n\tat org.gradle.internal.concurrent.ThreadFactoryImpl$ManagedThreadRunnable.run(ThreadFactoryImpl.java:56)\n\tat java.base/java.lang.Thread.run(Thread.java:829)\n","steps":[{"name":"$(\"open\") https://firetms.ru/sign","time":{"start":1690195208883,"stop":1690195213911,"duration":5028},"status":"passed","steps":[{"name":"$(\"webdriver\") create()","time":{"start":1690195208888,"stop":1690195211590,"duration":2702},"status":"passed","steps":[],"attachments":[],"parameters":[],"stepsCount":0,"attachmentsCount":0,"shouldDisplayMessage":false,"hasContent":false}],"attachments":[],"parameters":[],"stepsCount":1,"attachmentsCount":0,"shouldDisplayMessage":false,"hasContent":true},{"name":"$(\"input[placeholder='test@gmail.com']\") set value(latest_0001@gmail.com)","time":{"start":1690195213978,"stop":1690195214292,"duration":314},"status":"passed","steps":[],"attachments":[],"parameters":[],"stepsCount":0,"attachmentsCount":0,"shouldDisplayMessage":false,"hasContent":false},{"name":"$(\"input[placeholder='test@gmail.com']\") press enter()","time":{"start":1690195214292,"stop":1690195214389,"duration":97},"status":"passed","steps":[],"attachments":[],"parameters":[],"stepsCount":0,"attachmentsCount":0,"shouldDisplayMessage":false,"hasContent":false},{"name":"$(\"input[placeholder='*****'][0]\") set value(QWE123asdzxc)","time":{"start":1690195214393,"stop":1690195214838,"duration":445},"status":"passed","steps":[],"attachments":[],"parameters":[],"stepsCount":0,"attachmentsCount":0,"shouldDisplayMessage":false,"hasContent":false},{"name":"$(\"input[placeholder='*****'][0]\") press enter()","time":{"start":1690195214839,"stop":1690195214894,"duration":55},"status":"passed","steps":[],"attachments":[],"parameters":[],"stepsCount":0,"attachmentsCount":0,"shouldDisplayMessage":false,"hasContent":false},{"name":"$(\"h3\") should have(text \"Рабочий стол\")","time":{"start":1690195214897,"stop":1690195215971,"duration":1074},"status":"passed","steps":[],"attachments":[],"parameters":[],"stepsCount":0,"attachmentsCount":0,"shouldDisplayMessage":false,"hasContent":false},{"name":"$(\"window(index: 1)\") switch to()","time":{"start":1690195216019,"stop":1690195216063,"duration":44},"status":"passed","steps":[],"attachments":[],"parameters":[],"stepsCount":0,"attachmentsCount":0,"shouldDisplayMessage":false,"hasContent":false},{"name":"$(\"open\") https://work12.firetms.ru/p/pr1/settings","time":{"start":1690195216063,"stop":1690195216949,"duration":886},"status":"passed","steps":[],"attachments":[],"parameters":[],"stepsCount":0,"attachmentsCount":0,"shouldDisplayMessage":false,"hasContent":false},{"name":"$(\"by tag: button; by text: Удалить\") should have(visible)","time":{"start":1690195216954,"stop":1690195217001,"duration":47},"status":"passed","steps":[],"attachments":[],"parameters":[],"stepsCount":0,"attachmentsCount":0,"shouldDisplayMessage":false,"hasContent":false},{"name":"$(\"by tag: button; by text: Удалить\") click()","time":{"start":1690195217001,"stop":1690195218382,"duration":1381},"status":"passed","steps":[],"attachments":[],"parameters":[],"stepsCount":0,"attachmentsCount":0,"shouldDisplayMessage":false,"hasContent":false},{"name":"$(\"input[modelmodifiers='[object Object]']\") set value(УДАЛИТЬ)","time":{"start":1690195218382,"stop":1690195218517,"duration":135},"status":"passed","steps":[],"attachments":[],"parameters":[],"stepsCount":0,"attachmentsCount":0,"shouldDisplayMessage":false,"hasContent":false},{"name":"$(\"input[modelmodifiers='[object Object]']\") press enter()","time":{"start":1690195218517,"stop":1690195218570,"duration":53},"status":"passed","steps":[],"attachments":[],"parameters":[],"stepsCount":0,"attachmentsCount":0,"shouldDisplayMessage":false,"hasContent":false},{"name":"$(\"window(index: 0)\") switch to()","time":{"start":1690195218570,"stop":1690195218582,"duration":12},"status":"passed","steps":[],"attachments":[],"parameters":[],"stepsCount":0,"attachmentsCount":0,"shouldDisplayMessage":false,"hasContent":false},{"name":"$(\"div.left-sidebar__menu-item[title='Мои пространства']\") click()","time":{"start":1690195218583,"stop":1690195219454,"duration":871},"status":"passed","steps":[],"attachments":[],"parameters":[],"stepsCount":0,"attachmentsCount":0,"shouldDisplayMessage":false,"hasContent":false},{"name":"$(\"by text: WORK\") should be(visible)","time":{"start":1690195219454,"stop":1690195219701,"duration":247},"status":"passed","steps":[],"attachments":[],"parameters":[],"stepsCount":0,"attachmentsCount":0,"shouldDisplayMessage":false,"hasContent":false},{"name":"$(\"by text: WORK\") click()","time":{"start":1690195219701,"stop":1690195220326,"duration":625},"status":"passed","steps":[],"attachments":[],"parameters":[],"stepsCount":0,"attachmentsCount":0,"shouldDisplayMessage":false,"hasContent":false},{"name":"$(\"li.nav-item.findBy(text \"Проекты\")\") click()","time":{"start":1690195220327,"stop":1690195220440,"duration":113},"status":"passed","steps":[],"attachments":[],"parameters":[],"stepsCount":0,"attachmentsCount":0,"shouldDisplayMessage":false,"hasContent":false},{"name":"$(\"by tag: button; by text: Добавить проект\") click()","time":{"start":1690195220440,"stop":1690195220560,"duration":120},"status":"passed","steps":[],"attachments":[],"parameters":[],"stepsCount":0,"attachmentsCount":0,"shouldDisplayMessage":false,"hasContent":false},{"name":"$(\"input.form-control[0]\") set value(PROJECT)","time":{"start":1690195220561,"stop":1690195220720,"duration":159},"status":"passed","steps":[],"attachments":[],"parameters":[],"stepsCount":0,"attachmentsCount":0,"shouldDisplayMessage":false,"hasContent":false},{"name":"$(\"input.form-control[0]\") press enter()","time":{"start":1690195220720,"stop":1690195220780,"duration":60},"status":"passed","steps":[],"attachments":[],"parameters":[],"stepsCount":0,"attachmentsCount":0,"shouldDisplayMessage":false,"hasContent":false},{"name":"$(\"input.form-control[1]\") set value(pr1)","time":{"start":1690195220780,"stop":1690195220931,"duration":151},"status":"passed","steps":[],"attachments":[],"parameters":[],"stepsCount":0,"attachmentsCount":0,"shouldDisplayMessage":false,"hasContent":false},{"name":"$(\"by tag: button; by text: Создать\") should have(visible)","time":{"start":1690195220931,"stop":1690195220966,"duration":35},"status":"passed","steps":[],"attachments":[],"parameters":[],"stepsCount":0,"attachmentsCount":0,"shouldDisplayMessage":false,"hasContent":false},{"name":"$(\"by tag: button; by text: Создать\") click()","time":{"start":1690195220966,"stop":1690195221055,"duration":89},"status":"passed","steps":[],"attachments":[],"parameters":[],"stepsCount":0,"attachmentsCount":0,"shouldDisplayMessage":false,"hasContent":false},{"name":"$(\"div.left-sidebar__menu-item[title='Milestones']\") click()","time":{"start":1690195221055,"stop":1690195223264,"duration":2209},"status":"passed","steps":[],"attachments":[],"parameters":[],"stepsCount":0,"attachmentsCount":0,"shouldDisplayMessage":false,"hasContent":false},{"name":"$(\"by tag: button; by text: Добавить milestone\") should have(visible)","time":{"start":1690195223265,"stop":1690195223297,"duration":32},"status":"passed","steps":[],"attachments":[],"parameters":[],"stepsCount":0,"attachmentsCount":0,"shouldDisplayMessage":false,"hasContent":false},{"name":"$(\"by tag: button; by text: Добавить milestone\") click()","time":{"start":1690195223297,"stop":1690195223873,"duration":576},"status":"passed","steps":[],"attachments":[],"parameters":[],"stepsCount":0,"attachmentsCount":0,"shouldDisplayMessage":false,"hasContent":false},{"name":"$(\"input.form-control\") set value(Новый Milestone)","time":{"start":1690195223873,"stop":1690195224052,"duration":179},"status":"passed","steps":[],"attachments":[],"parameters":[],"stepsCount":0,"attachmentsCount":0,"shouldDisplayMessage":false,"hasContent":false},{"name":"$(\"By.xpath: //label[text()='Информация ']//following-sibling::div/child::div[1]\") set value(Информация о тест Milestone)","time":{"start":1690195224053,"stop":1690195224276,"duration":223},"status":"passed","steps":[],"attachments":[],"parameters":[],"stepsCount":0,"attachmentsCount":0,"shouldDisplayMessage":false,"hasContent":false},{"name":"$(\"input[placeholder='дд.мм.гггг']\") set value(24.07.2023)","time":{"start":1690195224276,"stop":1690195224432,"duration":156},"status":"passed","steps":[],"attachments":[],"parameters":[],"stepsCount":0,"attachmentsCount":0,"shouldDisplayMessage":false,"hasContent":false},{"name":"$(\"by tag: button; by text: Сохранить и перейти к записи\") should have(visible)","time":{"start":1690195224432,"stop":1690195224476,"duration":44},"status":"passed","steps":[],"attachments":[],"parameters":[],"stepsCount":0,"attachmentsCount":0,"shouldDisplayMessage":false,"hasContent":false},{"name":"$(\"by tag: button; by text: Сохранить и перейти к записи\") click()","time":{"start":1690195224476,"stop":1690195224571,"duration":95},"status":"passed","steps":[],"attachments":[],"parameters":[],"stepsCount":0,"attachmentsCount":0,"shouldDisplayMessage":false,"hasContent":false},{"name":"$(\"div.container-fluid h5\") should have(text \"Новый Milestone\")","time":{"start":1690195224571,"stop":1690195225776,"duration":1205},"status":"passed","steps":[],"attachments":[],"parameters":[],"stepsCount":0,"attachmentsCount":0,"shouldDisplayMessage":false,"hasContent":false},{"name":"$(\"By.xpath: //h4[text()='Информация']//following::div[1]//p\") should have(text \"Информация о тест Milestone\")","time":{"start":1690195225776,"stop":1690195225811,"duration":35},"status":"passed","steps":[],"attachments":[],"parameters":[],"stepsCount":0,"attachmentsCount":0,"shouldDisplayMessage":false,"hasContent":false},{"name":"$(\"img.avatar + div\") should have(text \"@latest_0001\")","time":{"start":1690195225812,"stop":1690195225865,"duration":53},"status":"passed","steps":[],"attachments":[],"parameters":[],"stepsCount":0,"attachmentsCount":0,"shouldDisplayMessage":false,"hasContent":false},{"name":"$(\"By.xpath: //*[@id='top-tabContent']//span[text()='Статус:']/..\") should have(text \"-\")","time":{"start":1690195225865,"stop":1690195225891,"duration":26},"status":"passed","steps":[],"attachments":[],"parameters":[],"stepsCount":0,"attachmentsCount":0,"shouldDisplayMessage":false,"hasContent":false},{"name":"$(\"By.xpath: //*[@id='top-tabContent']//span[text()='Дата создания:']/..\") should have(text \"24.07.2023 10:40\")","time":{"start":1690195225891,"stop":1690195230487,"duration":4596},"status":"failed","statusMessage":"Element should have text \"24.07.2023 10:40\" {By.xpath: //*[@id='top-tabContent']//span[text()='Дата создания:']/..}\nElement: '<div class=\"mt-2 mb-1\" data-v-c1c5dca4>Дата создания:\n24.07.2023 13:40</div>'\nActual value: text=\"Дата создания:\n24.07.2023 13:40\"\nScreenshot: file:/home/runner/work/tms_automation/tms_automation/build/reports/tests/1690195230086.0.png\nPage source: file:/home/runner/work/tms_automation/tms_automation/build/reports/tests/1690195230086.0.html\nTimeout: 4 s.","statusTrace":"Element should have text \"24.07.2023 10:40\" {By.xpath: //*[@id='top-tabContent']//span[text()='Дата создания:']/..}\nElement: '<div class=\"mt-2 mb-1\" data-v-c1c5dca4>Дата создания:\n24.07.2023 13:40</div>'\nActual value: text=\"Дата создания:\n24.07.2023 13:40\"\nScreenshot: file:/home/runner/work/tms_automation/tms_automation/build/reports/tests/1690195230086.0.png\nPage source: file:/home/runner/work/tms_automation/tms_automation/build/reports/tests/1690195230086.0.html\nTimeout: 4 s.\n\tat com.codeborne.selenide.impl.WebElementSource.handleError(WebElementSource.java:146)\n\tat com.codeborne.selenide.impl.WebElementSource.checkConditionAndReturnElement(WebElementSource.java:124)\n\tat com.codeborne.selenide.impl.WebElementSource.checkCondition(WebElementSource.java:101)\n\tat com.codeborne.selenide.commands.Should.execute(Should.java:30)\n\tat com.codeborne.selenide.commands.Should.execute(Should.java:14)\n\tat com.codeborne.selenide.commands.Commands.execute(Commands.java:160)\n\tat com.codeborne.selenide.impl.SelenideElementProxy.dispatchAndRetry(SelenideElementProxy.java:132)\n\tat com.codeborne.selenide.impl.SelenideElementProxy.invoke(SelenideElementProxy.java:84)\n\tat com.sun.proxy.$Proxy23.shouldHave(Unknown Source)\n\tat pages.MilestonePage.checkInfoMilestone(MilestonePage.java:55)\n\tat test.CreateMilestoneTest.checkMilestone(CreateMilestoneTest.java:62)\n\tat test.CreateMilestoneTest.createNewMilestoneTest(CreateMilestoneTest.java:40)\n\tat java.base/jdk.internal.reflect.NativeMethodAccessorImpl.invoke0(Native Method)\n\tat java.base/jdk.internal.reflect.NativeMethodAccessorImpl.invoke(NativeMethodAccessorImpl.java:62)\n\tat java.base/jdk.internal.reflect.DelegatingMethodAccessorImpl.invoke(DelegatingMethodAccessorImpl.java:43)\n\tat java.base/java.lang.reflect.Method.invoke(Method.java:566)\n\tat org.junit.platform.commons.util.ReflectionUtils.invokeMethod(ReflectionUtils.java:727)\n\tat org.junit.jupiter.engine.execution.MethodInvocation.proceed(MethodInvocation.java:60)\n\tat org.junit.jupiter.engine.execution.InvocationInterceptorChain$ValidatingInvocation.proceed(InvocationInterceptorChain.java:131)\n\tat org.junit.jupiter.api.extension.InvocationInterceptor.interceptTestMethod(InvocationInterceptor.java:118)\n\tat org.junit.jupiter.engine.execution.InterceptingExecutableInvoker$ReflectiveInterceptorCall.lambda$ofVoidMethod$0(InterceptingExecutableInvoker.java:103)\n\tat org.junit.jupiter.engine.execution.InterceptingExecutableInvoker.lambda$invoke$0(InterceptingExecutableInvoker.java:93)\n\tat org.junit.jupiter.engine.execution.InvocationInterceptorChain$InterceptedInvocation.proceed(InvocationInterceptorChain.java:106)\n\tat org.junit.jupiter.engine.extension.TimeoutExtension.intercept(TimeoutExtension.java:156)\n\tat org.junit.jupiter.engine.extension.TimeoutExtension.interceptTestableMethod(TimeoutExtension.java:147)\n\tat org.junit.jupiter.engine.extension.TimeoutExtension.interceptTestMethod(TimeoutExtension.java:86)\n\tat org.junit.jupiter.engine.execution.InterceptingExecutableInvoker$ReflectiveInterceptorCall.lambda$ofVoidMethod$0(InterceptingExecutableInvoker.java:103)\n\tat org.junit.jupiter.engine.execution.InterceptingExecutableInvoker.lambda$invoke$0(InterceptingExecutableInvoker.java:93)\n\tat org.junit.jupiter.engine.execution.InvocationInterceptorChain$InterceptedInvocation.proceed(InvocationInterceptorChain.java:106)\n\tat org.junit.jupiter.engine.execution.InvocationInterceptorChain.proceed(InvocationInterceptorChain.java:64)\n\tat org.junit.jupiter.engine.execution.InvocationInterceptorChain.chainAndInvoke(InvocationInterceptorChain.java:45)\n\tat org.junit.jupiter.engine.execution.InvocationInterceptorChain.invoke(InvocationInterceptorChain.java:37)\n\tat org.junit.jupiter.engine.execution.InterceptingExecutableInvoker.invoke(InterceptingExecutableInvoker.java:92)\n\tat org.junit.jupiter.engine.execution.InterceptingExecutableInvoker.invoke(InterceptingExecutableInvoker.java:86)\n\tat org.junit.jupiter.engine.descriptor.TestMethodTestDescriptor.lambda$invokeTestMethod$7(TestMethodTestDescriptor.java:217)\n\tat org.junit.platform.engine.support.hierarchical.ThrowableCollector.execute(ThrowableCollector.java:73)\n\tat org.junit.jupiter.engine.descriptor.TestMethodTestDescriptor.invokeTestMethod(TestMethodTestDescriptor.java:213)\n\tat org.junit.jupiter.engine.descriptor.TestMethodTestDescriptor.execute(TestMethodTestDescriptor.java:138)\n\tat org.junit.jupiter.engine.descriptor.TestMethodTestDescriptor.execute(TestMethodTestDescriptor.java:68)\n\tat org.junit.platform.engine.support.hierarchical.NodeTestTask.lambda$executeRecursively$6(NodeTestTask.java:151)\n\tat org.junit.platform.engine.support.hierarchical.ThrowableCollector.execute(ThrowableCollector.java:73)\n\tat org.junit.platform.engine.support.hierarchical.NodeTestTask.lambda$executeRecursively$8(NodeTestTask.java:141)\n\tat org.junit.platform.engine.support.hierarchical.Node.around(Node.java:137)\n\tat org.junit.platform.engine.support.hierarchical.NodeTestTask.lambda$executeRecursively$9(NodeTestTask.java:139)\n\tat org.junit.platform.engine.support.hierarchical.ThrowableCollector.execute(ThrowableCollector.java:73)\n\tat org.junit.platform.engine.support.hierarchical.NodeTestTask.executeRecursively(NodeTestTask.java:138)\n\tat org.junit.platform.engine.support.hierarchical.NodeTestTask.execute(NodeTestTask.java:95)\n\tat java.base/java.util.ArrayList.forEach(ArrayList.java:1541)\n\tat org.junit.platform.engine.support.hierarchical.SameThreadHierarchicalTestExecutorService.invokeAll(SameThreadHierarchicalTestExecutorService.java:41)\n\tat org.junit.platform.engine.support.hierarchical.NodeTestTask.lambda$executeRecursively$6(NodeTestTask.java:155)\n\tat org.junit.platform.engine.support.hierarchical.ThrowableCollector.execute(ThrowableCollector.java:73)\n\tat org.junit.platform.engine.support.hierarchical.NodeTestTask.lambda$executeRecursively$8(NodeTestTask.java:141)\n\tat org.junit.platform.engine.support.hierarchical.Node.around(Node.java:137)\n\tat org.junit.platform.engine.support.hierarchical.NodeTestTask.lambda$executeRecursively$9(NodeTestTask.java:139)\n\tat org.junit.platform.engine.support.hierarchical.ThrowableCollector.execute(ThrowableCollector.java:73)\n\tat org.junit.platform.engine.support.hierarchical.NodeTestTask.executeRecursively(NodeTestTask.java:138)\n\tat org.junit.platform.engine.support.hierarchical.NodeTestTask.execute(NodeTestTask.java:95)\n\tat java.base/java.util.ArrayList.forEach(ArrayList.java:1541)\n\tat org.junit.platform.engine.support.hierarchical.SameThreadHierarchicalTestExecutorService.invokeAll(SameThreadHierarchicalTestExecutorService.java:41)\n\tat org.junit.platform.engine.support.hierarchical.NodeTestTask.lambda$executeRecursively$6(NodeTestTask.java:155)\n\tat org.junit.platform.engine.support.hierarchical.ThrowableCollector.execute(ThrowableCollector.java:73)\n\tat org.junit.platform.engine.support.hierarchical.NodeTestTask.lambda$executeRecursively$8(NodeTestTask.java:141)\n\tat org.junit.platform.engine.support.hierarchical.Node.around(Node.java:137)\n\tat org.junit.platform.engine.support.hierarchical.NodeTestTask.lambda$executeRecursively$9(NodeTestTask.java:139)\n\tat org.junit.platform.engine.support.hierarchical.ThrowableCollector.execute(ThrowableCollector.java:73)\n\tat org.junit.platform.engine.support.hierarchical.NodeTestTask.executeRecursively(NodeTestTask.java:138)\n\tat org.junit.platform.engine.support.hierarchical.NodeTestTask.execute(NodeTestTask.java:95)\n\tat org.junit.platform.engine.support.hierarchical.SameThreadHierarchicalTestExecutorService.submit(SameThreadHierarchicalTestExecutorService.java:35)\n\tat org.junit.platform.engine.support.hierarchical.HierarchicalTestExecutor.execute(HierarchicalTestExecutor.java:57)\n\tat org.junit.platform.engine.support.hierarchical.HierarchicalTestEngine.execute(HierarchicalTestEngine.java:54)\n\tat org.junit.platform.launcher.core.EngineExecutionOrchestrator.execute(EngineExecutionOrchestrator.java:147)\n\tat org.junit.platform.launcher.core.EngineExecutionOrchestrator.execute(EngineExecutionOrchestrator.java:127)\n\tat org.junit.platform.launcher.core.EngineExecutionOrchestrator.execute(EngineExecutionOrchestrator.java:90)\n\tat org.junit.platform.launcher.core.EngineExecutionOrchestrator.lambda$execute$0(EngineExecutionOrchestrator.java:55)\n\tat org.junit.platform.launcher.core.EngineExecutionOrchestrator.withInterceptedStreams(EngineExecutionOrchestrator.java:102)\n\tat org.junit.platform.launcher.core.EngineExecutionOrchestrator.execute(EngineExecutionOrchestrator.java:54)\n\tat org.junit.platform.launcher.core.DefaultLauncher.execute(DefaultLauncher.java:114)\n\tat org.junit.platform.launcher.core.DefaultLauncher.execute(DefaultLauncher.java:86)\n\tat org.junit.platform.launcher.core.DefaultLauncherSession$DelegatingLauncher.execute(DefaultLauncherSession.java:86)\n\tat org.junit.platform.launcher.core.SessionPerRequestLauncher.execute(SessionPerRequestLauncher.java:53)\n\tat org.gradle.api.internal.tasks.testing.junitplatform.JUnitPlatformTestClassProcessor$CollectAllTestClassesExecutor.processAllTestClasses(JUnitPlatformTestClassProcessor.java:99)\n\tat org.gradle.api.internal.tasks.testing.junitplatform.JUnitPlatformTestClassProcessor$CollectAllTestClassesExecutor.access$000(JUnitPlatformTestClassProcessor.java:79)\n\tat org.gradle.api.internal.tasks.testing.junitplatform.JUnitPlatformTestClassProcessor.stop(JUnitPlatformTestClassProcessor.java:75)\n\tat org.gradle.api.internal.tasks.testing.SuiteTestClassProcessor.stop(SuiteTestClassProcessor.java:61)\n\tat java.base/jdk.internal.reflect.NativeMethodAccessorImpl.invoke0(Native Method)\n\tat java.base/jdk.internal.reflect.NativeMethodAccessorImpl.invoke(NativeMethodAccessorImpl.java:62)\n\tat java.base/jdk.internal.reflect.DelegatingMethodAccessorImpl.invoke(DelegatingMethodAccessorImpl.java:43)\n\tat java.base/java.lang.reflect.Method.invoke(Method.java:566)\n\tat org.gradle.internal.dispatch.ReflectionDispatch.dispatch(ReflectionDispatch.java:36)\n\tat org.gradle.internal.dispatch.ReflectionDispatch.dispatch(ReflectionDispatch.java:24)\n\tat org.gradle.internal.dispatch.ContextClassLoaderDispatch.dispatch(ContextClassLoaderDispatch.java:33)\n\tat org.gradle.internal.dispatch.ProxyDispatchAdapter$DispatchingInvocationHandler.invoke(ProxyDispatchAdapter.java:94)\n\tat com.sun.proxy.$Proxy2.stop(Unknown Source)\n\tat org.gradle.api.internal.tasks.testing.worker.TestWorker.stop(TestWorker.java:133)\n\tat java.base/jdk.internal.reflect.NativeMethodAccessorImpl.invoke0(Native Method)\n\tat java.base/jdk.internal.reflect.NativeMethodAccessorImpl.invoke(NativeMethodAccessorImpl.java:62)\n\tat java.base/jdk.internal.reflect.DelegatingMethodAccessorImpl.invoke(DelegatingMethodAccessorImpl.java:43)\n\tat java.base/java.lang.reflect.Method.invoke(Method.java:566)\n\tat org.gradle.internal.dispatch.ReflectionDispatch.dispatch(ReflectionDispatch.java:36)\n\tat org.gradle.internal.dispatch.ReflectionDispatch.dispatch(ReflectionDispatch.java:24)\n\tat org.gradle.internal.remote.internal.hub.MessageHubBackedObjectConnection$DispatchWrapper.dispatch(MessageHubBackedObjectConnection.java:182)\n\tat org.gradle.internal.remote.internal.hub.MessageHubBackedObjectConnection$DispatchWrapper.dispatch(MessageHubBackedObjectConnection.java:164)\n\tat org.gradle.internal.remote.internal.hub.MessageHub$Handler.run(MessageHub.java:414)\n\tat org.gradle.internal.concurrent.ExecutorPolicy$CatchAndRecordFailures.onExecute(ExecutorPolicy.java:64)\n\tat org.gradle.internal.concurrent.ManagedExecutorImpl$1.run(ManagedExecutorImpl.java:48)\n\tat java.base/java.util.concurrent.ThreadPoolExecutor.runWorker(ThreadPoolExecutor.java:1128)\n\tat java.base/java.util.concurrent.ThreadPoolExecutor$Worker.run(ThreadPoolExecutor.java:628)\n\tat org.gradle.internal.concurrent.ThreadFactoryImpl$ManagedThreadRunnable.run(ThreadFactoryImpl.java:56)\n\tat java.base/java.lang.Thread.run(Thread.java:829)\n","steps":[],"attachments":[{"uid":"b630309b1d84128e","name":"Screenshot","source":"b630309b1d84128e.png","type":"image/png","size":82010},{"uid":"dda7b74be05db41c","name":"Page source","source":"dda7b74be05db41c.html","type":"text/html","size":46064}],"parameters":[],"stepsCount":0,"attachmentsCount":2,"shouldDisplayMessage":true,"hasContent":true}],"attachments":[],"parameters":[],"stepsCount":37,"attachmentsCount":2,"shouldDisplayMessage":false,"hasContent":true},"afterStages":[{"name":"afterAll","time":{"start":1690195230607,"stop":1690195230652,"duration":45},"status":"passed","steps":[{"name":"$(\"current window\") close()","time":{"start":1690195230607,"stop":1690195230652,"duration":45},"status":"passed","steps":[],"attachments":[],"parameters":[],"stepsCount":0,"attachmentsCount":0,"shouldDisplayMessage":false,"hasContent":false}],"attachments":[],"parameters":[],"stepsCount":1,"attachmentsCount":0,"shouldDisplayMessage":false,"hasContent":true}],"labels":[{"name":"tag","value":"milestone"},{"name":"junit.platform.uniqueid","value":"[engine:junit-jupiter]/[class:test.CreateMilestoneTest]/[method:createNewMilestoneTest()]"},{"name":"owner","value":"buyanovMV"},{"name":"feature","value":"Тестироване сущности 'MILESTONE'"},{"name":"host","value":"fv-az399-238"},{"name":"thread","value":"2909@fv-az399-238.Test worker(11)"},{"name":"framework","value":"junit-platform"},{"name":"language","value":"java"},{"name":"package","value":"test.CreateMilestoneTest"},{"name":"testClass","value":"test.CreateMilestoneTest"},{"name":"testMethod","value":"createNewMilestoneTest"},{"name":"suite","value":"test.CreateMilestoneTest"},{"name":"severity","value":"blocker"},{"name":"resultFormat","value":"allure2"}],"parameters":[],"links":[],"hidden":false,"retry":false,"extra":{"severity":"blocker","owner":"buyanovMV","retries":[],"categories":[{"name":"Product defects","matchedStatuses":[],"flaky":false}],"history":{"statistic":{"failed":19,"broken":0,"skipped":0,"passed":0,"unknown":0,"total":19},"items":[{"uid":"8bfb22af918b7957","reportUrl":"https://mikhailbu.github.io/tms_automation/26//#testresult/8bfb22af918b7957","status":"failed","statusDetails":"Element should have text \"24.07.2023 10:20\" {By.xpath: //*[@id='top-tabContent']//span[text()='Дата создания:']/..}\nElement: '<div class=\"mt-2 mb-1\" data-v-c1c5dca4>Дата создания:\n24.07.2023 13:20</div>'\nActual value: text=\"Дата создания:\n24.07.2023 13:20\"\nScreenshot: file:/home/runner/work/tms_automation/tms_automation/build/reports/tests/1690194010223.0.png\nPage source: file:/home/runner/work/tms_automation/tms_automation/build/reports/tests/1690194010223.0.html\nTimeout: 4 s.","time":{"start":1690193988276,"stop":1690194010617,"duration":22341}},{"uid":"56d0ad97e84d2001","reportUrl":"https://mikhailbu.github.io/tms_automation/24//#testresult/56d0ad97e84d2001","status":"failed","statusDetails":"Element should have text \"24.07.2023 10:10\" {By.xpath: //*[@id='top-tabContent']//span[text()='Дата создания:']/..}\nElement: '<div class=\"mt-2 mb-1\" data-v-c1c5dca4>Дата создания:\n24.07.2023 13:10</div>'\nActual value: text=\"Дата создания:\n24.07.2023 13:10\"\nScreenshot: file:/home/runner/work/tms_automation/tms_automation/build/reports/tests/1690193424708.0.png\nPage source: file:/home/runner/work/tms_automation/tms_automation/build/reports/tests/1690193424708.0.html\nTimeout: 4 s.","time":{"start":1690193401894,"stop":1690193425106,"duration":23212}},{"uid":"9b2ec830dfa82053","reportUrl":"https://mikhailbu.github.io/tms_automation/23//#testresult/9b2ec830dfa82053","status":"failed","statusDetails":"Element not found {by tag: button; by text: Удалить}\nExpected: visible\nScreenshot: file:/home/runner/work/tms_automation/tms_automation/build/reports/tests/1690192906375.0.png\nPage source: file:/home/runner/work/tms_automation/tms_automation/build/reports/tests/1690192906375.0.html\nTimeout: 4 s.\nCaused by: NoSuchElementException: no such element: Unable to locate element: {\"method\":\"xpath\",\"selector\":\".//button/text()[normalize-space(translate(string(.), '","time":{"start":1690192893296,"stop":1690192906811,"duration":13515}},{"uid":"1d517e005b7d51f8","reportUrl":"https://mikhailbu.github.io/tms_automation/22//#testresult/1d517e005b7d51f8","status":"failed","statusDetails":"Element should have text \"24.07.2023 09:24\" {By.xpath: //*[@id='top-tabContent']//span[text()='Дата создания:']/..}\nElement: '<div class=\"mt-2 mb-1\" data-v-c1c5dca4>Дата создания:\n24.07.2023 12:24</div>'\nActual value: text=\"Дата создания:\n24.07.2023 12:24\"\nScreenshot: file:/home/runner/work/tms_automation/tms_automation/build/reports/tests/1690190664745.0.png\nPage source: file:/home/runner/work/tms_automation/tms_automation/build/reports/tests/1690190664745.0.html\nTimeout: 4 s.","time":{"start":1690190643525,"stop":1690190665138,"duration":21613}},{"uid":"be511d2f32c82dad","reportUrl":"https://mikhailbu.github.io/tms_automation/21//#testresult/be511d2f32c82dad","status":"failed","statusDetails":"Element should have text \"24.07.2023 09:17\" {By.xpath: //*[@id='top-tabContent']//span[text()='Дата создания:']/..}\nElement: '<div class=\"mt-2 mb-1\" data-v-c1c5dca4>Дата создания:\n24.07.2023 12:17</div>'\nActual value: text=\"Дата создания:\n24.07.2023 12:17\"\nScreenshot: file:/home/runner/work/tms_automation/tms_automation/build/reports/tests/1690190247178.0.png\nPage source: file:/home/runner/work/tms_automation/tms_automation/build/reports/tests/1690190247178.0.html\nTimeout: 4 s.","time":{"start":1690190226321,"stop":1690190247556,"duration":21235}},{"uid":"d05b63b93e374d8a","reportUrl":"https://mikhailbu.github.io/tms_automation/20//#testresult/d05b63b93e374d8a","status":"failed","statusDetails":"Element not found {by tag: button; by text: Удалить}\nExpected: visible\nScreenshot: file:/home/runner/work/tms_automation/tms_automation/build/reports/tests/1690189252494.0.png\nPage source: file:/home/runner/work/tms_automation/tms_automation/build/reports/tests/1690189252494.0.html\nTimeout: 4 s.\nCaused by: NoSuchElementException: no such element: Unable to locate element: {\"method\":\"xpath\",\"selector\":\".//button/text()[normalize-space(translate(string(.), '","time":{"start":1690189239682,"stop":1690189252815,"duration":13133}},{"uid":"d360ded234cb166","reportUrl":"https://mikhailbu.github.io/tms_automation/19//#testresult/d360ded234cb166","status":"failed","statusDetails":"Element should have text \"23.07.2023 15:08\" {By.xpath: //*[@id='top-tabContent']//span[text()='Дата создания:']/..}\nElement: '<div class=\"mt-2 mb-1\" data-v-c1c5dca4>Дата создания:\n23.07.2023 18:08</div>'\nActual value: text=\"Дата создания:\n23.07.2023 18:08\"\nScreenshot: file:/home/runner/work/tms_automation/tms_automation/build/reports/tests/1690124942188.0.png\nPage source: file:/home/runner/work/tms_automation/tms_automation/build/reports/tests/1690124942188.0.html\nTimeout: 4 s.","time":{"start":1690124917850,"stop":1690124942667,"duration":24817}},{"uid":"90396e6a7757262f","reportUrl":"https://mikhailbu.github.io/tms_automation/18//#testresult/90396e6a7757262f","status":"failed","statusDetails":"Element should have text \"23.07.2023 14:53\" {By.xpath: //*[@id='top-tabContent']//span[text()='Дата создания:']/..}\nElement: '<div class=\"mt-2 mb-1\" data-v-c1c5dca4>Дата создания:\n23.07.2023 17:53</div>'\nActual value: text=\"Дата создания:\n23.07.2023 17:53\"\nScreenshot: file:/home/runner/work/tms_automation/tms_automation/build/reports/tests/1690124001325.0.png\nPage source: file:/home/runner/work/tms_automation/tms_automation/build/reports/tests/1690124001325.0.html\nTimeout: 4 s.","time":{"start":1690123978931,"stop":1690124001723,"duration":22792}},{"uid":"77ca3a8e45df6c03","reportUrl":"https://mikhailbu.github.io/tms_automation/17//#testresult/77ca3a8e45df6c03","status":"failed","statusDetails":"Element should have text \"23.07.2023 14:24\" {By.xpath: //*[@id='top-tabContent']//span[text()='Дата создания:']/..}\nElement: '<div class=\"mt-2 mb-1\" data-v-c1c5dca4>Дата создания:\n23.07.2023 17:24</div>'\nActual value: text=\"Дата создания:\n23.07.2023 17:24\"\nScreenshot: file:/home/runner/work/tms_automation/tms_automation/build/reports/tests/1690122248806.0.png\nPage source: file:/home/runner/work/tms_automation/tms_automation/build/reports/tests/1690122248806.0.html\nTimeout: 4 s.","time":{"start":1690122223502,"stop":1690122249306,"duration":25804}},{"uid":"be1aaa4b7eee6f80","reportUrl":"https://mikhailbu.github.io/tms_automation/16//#testresult/be1aaa4b7eee6f80","status":"failed","statusDetails":"Element not found {by tag: button; by text: Удалить}\nExpected: visible\nScreenshot: file:/home/runner/work/tms_automation/tms_automation/build/reports/tests/1690121853713.0.png\nPage source: file:/home/runner/work/tms_automation/tms_automation/build/reports/tests/1690121853713.0.html\nTimeout: 4 s.\nCaused by: NoSuchElementException: no such element: Unable to locate element: {\"method\":\"xpath\",\"selector\":\".//button/text()[normalize-space(translate(string(.), '","time":{"start":1690121840898,"stop":1690121854040,"duration":13142}},{"uid":"a62ef23a59bec7ba","reportUrl":"https://mikhailbu.github.io/tms_automation/15//#testresult/a62ef23a59bec7ba","status":"failed","statusDetails":"Element not found {by tag: button; by text: Удалить}\nExpected: visible\nScreenshot: file:/home/runner/work/tms_automation/tms_automation/build/reports/tests/1690120634651.0.png\nPage source: file:/home/runner/work/tms_automation/tms_automation/build/reports/tests/1690120634651.0.html\nTimeout: 4 s.\nCaused by: NoSuchElementException: no such element: Unable to locate element: {\"method\":\"xpath\",\"selector\":\".//button/text()[normalize-space(translate(string(.), '","time":{"start":1690120620601,"stop":1690120635053,"duration":14452}},{"uid":"902853559f5308f2","reportUrl":"https://mikhailbu.github.io/tms_automation/14//#testresult/902853559f5308f2","status":"failed","statusDetails":"Element not found {by tag: button; by text: Удалить}\nExpected: visible\nScreenshot: file:/home/runner/work/tms_automation/tms_automation/build/reports/tests/1690120283430.0.png\nPage source: file:/home/runner/work/tms_automation/tms_automation/build/reports/tests/1690120283430.0.html\nTimeout: 4 s.\nCaused by: NoSuchElementException: no such element: Unable to locate element: {\"method\":\"xpath\",\"selector\":\".//button/text()[normalize-space(translate(string(.), '","time":{"start":1690120268680,"stop":1690120283876,"duration":15196}},{"uid":"370dac6e74867e73","reportUrl":"https://mikhailbu.github.io/tms_automation/13//#testresult/370dac6e74867e73","status":"failed","statusDetails":"Element not found {by tag: button; by text: Удалить}\nExpected: visible\nScreenshot: file:/home/runner/work/tms_automation/tms_automation/build/reports/tests/1690119520138.0.png\nPage source: file:/home/runner/work/tms_automation/tms_automation/build/reports/tests/1690119520138.0.html\nTimeout: 4 s.\nCaused by: NoSuchElementException: no such element: Unable to locate element: {\"method\":\"xpath\",\"selector\":\".//button/text()[normalize-space(translate(string(.), '","time":{"start":1690119506931,"stop":1690119520493,"duration":13562}},{"uid":"b27ce64f064a5acf","reportUrl":"https://mikhailbu.github.io/tms_automation/12//#testresult/b27ce64f064a5acf","status":"failed","statusDetails":"Element not found {by tag: button; by text: Удалить}\nExpected: visible\nScreenshot: file:/home/runner/work/tms_automation/tms_automation/build/reports/tests/1690118888001.0.png\nPage source: file:/home/runner/work/tms_automation/tms_automation/build/reports/tests/1690118888001.0.html\nTimeout: 4 s.\nCaused by: NoSuchElementException: no such element: Unable to locate element: {\"method\":\"xpath\",\"selector\":\".//button/text()[normalize-space(translate(string(.), '","time":{"start":1690118872899,"stop":1690118888445,"duration":15546}},{"uid":"f4c6daffce249305","reportUrl":"https://mikhailbu.github.io/tms_automation/11//#testresult/f4c6daffce249305","status":"failed","statusDetails":"Element not found {By.xpath: div.left-sidebar__menu-item[title='Мои пространства']}\nExpected: interactable\nScreenshot: file:/home/runner/work/tms_automation/tms_automation/build/reports/tests/1690117687519.0.png\nPage source: file:/home/runner/work/tms_automation/tms_automation/build/reports/tests/1690117687519.0.html\nTimeout: 4 s.\nCaused by: NoSuchElementException: no such element: Unable to locate element: {\"method\":\"xpath\",\"selector\":\"div.left-sidebar__menu-item[title='Мои пространства']\"}","time":{"start":1690117669575,"stop":1690117688218,"duration":18643}},{"uid":"337ed16897830dd5","reportUrl":"https://mikhailbu.github.io/tms_automation/10//#testresult/337ed16897830dd5","status":"failed","statusDetails":"Element should have text \"23.07.2023 12:56\" {By.xpath: //*[@id='top-tabContent']//span[text()='Дата создания:']/..}\nElement: '<div class=\"mt-2 mb-1\" data-v-c1c5dca4>Дата создания:\n23.07.2023 15:56</div>'\nActual value: text=\"Дата создания:\n23.07.2023 15:56\"\nScreenshot: file:/home/runner/work/tms_automation/tms_automation/build/reports/tests/1690116968007.0.png\nPage source: file:/home/runner/work/tms_automation/tms_automation/build/reports/tests/1690116968007.0.html\nTimeout: 4 s.","time":{"start":1690116946652,"stop":1690116968405,"duration":21753}},{"uid":"e92786b74115fc2c","reportUrl":"https://mikhailbu.github.io/tms_automation/9//#testresult/e92786b74115fc2c","status":"failed","statusDetails":"Element should have text \"23.07.2023 12:38\" {By.xpath: //*[@id='top-tabContent']//span[text()='Дата создания:']/..}\nElement: '<div class=\"mt-2 mb-1\" data-v-c1c5dca4>Дата создания:\n23.07.2023 15:38</div>'\nActual value: text=\"Дата создания:\n23.07.2023 15:38\"\nScreenshot: file:/home/runner/work/tms_automation/tms_automation/build/reports/tests/1690115886756.0.png\nPage source: file:/home/runner/work/tms_automation/tms_automation/build/reports/tests/1690115886756.0.html\nTimeout: 4 s.","time":{"start":1690115865920,"stop":1690115887125,"duration":21205}},{"uid":"d918674e827c9ad","reportUrl":"https://mikhailbu.github.io/tms_automation/8//#testresult/d918674e827c9ad","status":"failed","statusDetails":"Element should have text \"22.07.2023 15:41\" {By.xpath: //*[@id='top-tabContent']//span[text()='Дата создания:']/..}\nElement: '<div class=\"mt-2 mb-1\" data-v-c1c5dca4>Дата создания:\n22.07.2023 18:41</div>'\nActual value: text=\"Дата создания:\n22.07.2023 18:41\"\nScreenshot: file:/home/runner/work/tms_automation/tms_automation/build/reports/tests/1690040506914.0.png\nPage source: file:/home/runner/work/tms_automation/tms_automation/build/reports/tests/1690040506914.0.html\nTimeout: 4 s.","time":{"start":1690040485022,"stop":1690040507320,"duration":22298}}]},"tags":["milestone"]},"source":"f1762f310ad13277.json","parameterValues":[]}