{"uid":"8bfb22af918b7957","name":"Тестироване создания новой сущности 'MILESTONE'","fullName":"test.CreateMilestoneTest.createNewMilestoneTest","historyId":"8f74e15f52ece9d5312fa8dc6610c6","time":{"start":1690193988276,"stop":1690194010617,"duration":22341},"description":"","status":"failed","statusMessage":"Element should have text \"24.07.2023 10:20\" {By.xpath: //*[@id='top-tabContent']//span[text()='Дата создания:']/..}\nElement: '<div class=\"mt-2 mb-1\" data-v-c1c5dca4>Дата создания:\n24.07.2023 13:20</div>'\nActual value: text=\"Дата создания:\n24.07.2023 13:20\"\nScreenshot: file:/home/runner/work/tms_automation/tms_automation/build/reports/tests/1690194010223.0.png\nPage source: file:/home/runner/work/tms_automation/tms_automation/build/reports/tests/1690194010223.0.html\nTimeout: 4 s.","statusTrace":"Element should have text \"24.07.2023 10:20\" {By.xpath: //*[@id='top-tabContent']//span[text()='Дата создания:']/..}\nElement: '<div class=\"mt-2 mb-1\" data-v-c1c5dca4>Дата создания:\n24.07.2023 13:20</div>'\nActual value: text=\"Дата создания:\n24.07.2023 13:20\"\nScreenshot: file:/home/runner/work/tms_automation/tms_automation/build/reports/tests/1690194010223.0.png\nPage source: file:/home/runner/work/tms_automation/tms_automation/build/reports/tests/1690194010223.0.html\nTimeout: 4 s.\n\tat com.codeborne.selenide.impl.WebElementSource.handleError(WebElementSource.java:146)\n\tat com.codeborne.selenide.impl.WebElementSource.checkConditionAndReturnElement(WebElementSource.java:124)\n\tat com.codeborne.selenide.impl.WebElementSource.checkCondition(WebElementSource.java:101)\n\tat com.codeborne.selenide.commands.Should.execute(Should.java:30)\n\tat com.codeborne.selenide.commands.Should.execute(Should.java:14)\n\tat com.codeborne.selenide.commands.Commands.execute(Commands.java:160)\n\tat com.codeborne.selenide.impl.SelenideElementProxy.dispatchAndRetry(SelenideElementProxy.java:132)\n\tat com.codeborne.selenide.impl.SelenideElementProxy.invoke(SelenideElementProxy.java:84)\n\tat com.sun.proxy.$Proxy23.shouldHave(Unknown Source)\n\tat pages.MilestonePage.checkInfoMilestone(MilestonePage.java:55)\n\tat test.CreateMilestoneTest.checkMilestone(CreateMilestoneTest.java:62)\n\tat test.CreateMilestoneTest.createNewMilestoneTest(CreateMilestoneTest.java:40)\n\tat java.base/jdk.internal.reflect.NativeMethodAccessorImpl.invoke0(Native Method)\n\tat java.base/jdk.internal.reflect.NativeMethodAccessorImpl.invoke(NativeMethodAccessorImpl.java:62)\n\tat java.base/jdk.internal.reflect.DelegatingMethodAccessorImpl.invoke(DelegatingMethodAccessorImpl.java:43)\n\tat java.base/java.lang.reflect.Method.invoke(Method.java:566)\n\tat org.junit.platform.commons.util.ReflectionUtils.invokeMethod(ReflectionUtils.java:727)\n\tat org.junit.jupiter.engine.execution.MethodInvocation.proceed(MethodInvocation.java:60)\n\tat org.junit.jupiter.engine.execution.InvocationInterceptorChain$ValidatingInvocation.proceed(InvocationInterceptorChain.java:131)\n\tat org.junit.jupiter.api.extension.InvocationInterceptor.interceptTestMethod(InvocationInterceptor.java:118)\n\tat org.junit.jupiter.engine.execution.InterceptingExecutableInvoker$ReflectiveInterceptorCall.lambda$ofVoidMethod$0(InterceptingExecutableInvoker.java:103)\n\tat org.junit.jupiter.engine.execution.InterceptingExecutableInvoker.lambda$invoke$0(InterceptingExecutableInvoker.java:93)\n\tat org.junit.jupiter.engine.execution.InvocationInterceptorChain$InterceptedInvocation.proceed(InvocationInterceptorChain.java:106)\n\tat org.junit.jupiter.engine.extension.TimeoutExtension.intercept(TimeoutExtension.java:156)\n\tat org.junit.jupiter.engine.extension.TimeoutExtension.interceptTestableMethod(TimeoutExtension.java:147)\n\tat org.junit.jupiter.engine.extension.TimeoutExtension.interceptTestMethod(TimeoutExtension.java:86)\n\tat org.junit.jupiter.engine.execution.InterceptingExecutableInvoker$ReflectiveInterceptorCall.lambda$ofVoidMethod$0(InterceptingExecutableInvoker.java:103)\n\tat org.junit.jupiter.engine.execution.InterceptingExecutableInvoker.lambda$invoke$0(InterceptingExecutableInvoker.java:93)\n\tat org.junit.jupiter.engine.execution.InvocationInterceptorChain$InterceptedInvocation.proceed(InvocationInterceptorChain.java:106)\n\tat org.junit.jupiter.engine.execution.InvocationInterceptorChain.proceed(InvocationInterceptorChain.java:64)\n\tat org.junit.jupiter.engine.execution.InvocationInterceptorChain.chainAndInvoke(InvocationInterceptorChain.java:45)\n\tat org.junit.jupiter.engine.execution.InvocationInterceptorChain.invoke(InvocationInterceptorChain.java:37)\n\tat org.junit.jupiter.engine.execution.InterceptingExecutableInvoker.invoke(InterceptingExecutableInvoker.java:92)\n\tat org.junit.jupiter.engine.execution.InterceptingExecutableInvoker.invoke(InterceptingExecutableInvoker.java:86)\n\tat org.junit.jupiter.engine.descriptor.TestMethodTestDescriptor.lambda$invokeTestMethod$7(TestMethodTestDescriptor.java:217)\n\tat org.junit.platform.engine.support.hierarchical.ThrowableCollector.execute(ThrowableCollector.java:73)\n\tat org.junit.jupiter.engine.descriptor.TestMethodTestDescriptor.invokeTestMethod(TestMethodTestDescriptor.java:213)\n\tat org.junit.jupiter.engine.descriptor.TestMethodTestDescriptor.execute(TestMethodTestDescriptor.java:138)\n\tat org.junit.jupiter.engine.descriptor.TestMethodTestDescriptor.execute(TestMethodTestDescriptor.java:68)\n\tat org.junit.platform.engine.support.hierarchical.NodeTestTask.lambda$executeRecursively$6(NodeTestTask.java:151)\n\tat org.junit.platform.engine.support.hierarchical.ThrowableCollector.execute(ThrowableCollector.java:73)\n\tat org.junit.platform.engine.support.hierarchical.NodeTestTask.lambda$executeRecursively$8(NodeTestTask.java:141)\n\tat org.junit.platform.engine.support.hierarchical.Node.around(Node.java:137)\n\tat org.junit.platform.engine.support.hierarchical.NodeTestTask.lambda$executeRecursively$9(NodeTestTask.java:139)\n\tat org.junit.platform.engine.support.hierarchical.ThrowableCollector.execute(ThrowableCollector.java:73)\n\tat org.junit.platform.engine.support.hierarchical.NodeTestTask.executeRecursively(NodeTestTask.java:138)\n\tat org.junit.platform.engine.support.hierarchical.NodeTestTask.execute(NodeTestTask.java:95)\n\tat java.base/java.util.ArrayList.forEach(ArrayList.java:1541)\n\tat org.junit.platform.engine.support.hierarchical.SameThreadHierarchicalTestExecutorService.invokeAll(SameThreadHierarchicalTestExecutorService.java:41)\n\tat org.junit.platform.engine.support.hierarchical.NodeTestTask.lambda$executeRecursively$6(NodeTestTask.java:155)\n\tat org.junit.platform.engine.support.hierarchical.ThrowableCollector.execute(ThrowableCollector.java:73)\n\tat org.junit.platform.engine.support.hierarchical.NodeTestTask.lambda$executeRecursively$8(NodeTestTask.java:141)\n\tat org.junit.platform.engine.support.hierarchical.Node.around(Node.java:137)\n\tat org.junit.platform.engine.support.hierarchical.NodeTestTask.lambda$executeRecursively$9(NodeTestTask.java:139)\n\tat org.junit.platform.engine.support.hierarchical.ThrowableCollector.execute(ThrowableCollector.java:73)\n\tat org.junit.platform.engine.support.hierarchical.NodeTestTask.executeRecursively(NodeTestTask.java:138)\n\tat org.junit.platform.engine.support.hierarchical.NodeTestTask.execute(NodeTestTask.java:95)\n\tat java.base/java.util.ArrayList.forEach(ArrayList.java:1541)\n\tat org.junit.platform.engine.support.hierarchical.SameThreadHierarchicalTestExecutorService.invokeAll(SameThreadHierarchicalTestExecutorService.java:41)\n\tat org.junit.platform.engine.support.hierarchical.NodeTestTask.lambda$executeRecursively$6(NodeTestTask.java:155)\n\tat org.junit.platform.engine.support.hierarchical.ThrowableCollector.execute(ThrowableCollector.java:73)\n\tat org.junit.platform.engine.support.hierarchical.NodeTestTask.lambda$executeRecursively$8(NodeTestTask.java:141)\n\tat org.junit.platform.engine.support.hierarchical.Node.around(Node.java:137)\n\tat org.junit.platform.engine.support.hierarchical.NodeTestTask.lambda$executeRecursively$9(NodeTestTask.java:139)\n\tat org.junit.platform.engine.support.hierarchical.ThrowableCollector.execute(ThrowableCollector.java:73)\n\tat org.junit.platform.engine.support.hierarchical.NodeTestTask.executeRecursively(NodeTestTask.java:138)\n\tat org.junit.platform.engine.support.hierarchical.NodeTestTask.execute(NodeTestTask.java:95)\n\tat org.junit.platform.engine.support.hierarchical.SameThreadHierarchicalTestExecutorService.submit(SameThreadHierarchicalTestExecutorService.java:35)\n\tat org.junit.platform.engine.support.hierarchical.HierarchicalTestExecutor.execute(HierarchicalTestExecutor.java:57)\n\tat org.junit.platform.engine.support.hierarchical.HierarchicalTestEngine.execute(HierarchicalTestEngine.java:54)\n\tat org.junit.platform.launcher.core.EngineExecutionOrchestrator.execute(EngineExecutionOrchestrator.java:147)\n\tat org.junit.platform.launcher.core.EngineExecutionOrchestrator.execute(EngineExecutionOrchestrator.java:127)\n\tat org.junit.platform.launcher.core.EngineExecutionOrchestrator.execute(EngineExecutionOrchestrator.java:90)\n\tat org.junit.platform.launcher.core.EngineExecutionOrchestrator.lambda$execute$0(EngineExecutionOrchestrator.java:55)\n\tat org.junit.platform.launcher.core.EngineExecutionOrchestrator.withInterceptedStreams(EngineExecutionOrchestrator.java:102)\n\tat org.junit.platform.launcher.core.EngineExecutionOrchestrator.execute(EngineExecutionOrchestrator.java:54)\n\tat org.junit.platform.launcher.core.DefaultLauncher.execute(DefaultLauncher.java:114)\n\tat org.junit.platform.launcher.core.DefaultLauncher.execute(DefaultLauncher.java:86)\n\tat org.junit.platform.launcher.core.DefaultLauncherSession$DelegatingLauncher.execute(DefaultLauncherSession.java:86)\n\tat org.junit.platform.launcher.core.SessionPerRequestLauncher.execute(SessionPerRequestLauncher.java:53)\n\tat org.gradle.api.internal.tasks.testing.junitplatform.JUnitPlatformTestClassProcessor$CollectAllTestClassesExecutor.processAllTestClasses(JUnitPlatformTestClassProcessor.java:99)\n\tat org.gradle.api.internal.tasks.testing.junitplatform.JUnitPlatformTestClassProcessor$CollectAllTestClassesExecutor.access$000(JUnitPlatformTestClassProcessor.java:79)\n\tat org.gradle.api.internal.tasks.testing.junitplatform.JUnitPlatformTestClassProcessor.stop(JUnitPlatformTestClassProcessor.java:75)\n\tat org.gradle.api.internal.tasks.testing.SuiteTestClassProcessor.stop(SuiteTestClassProcessor.java:61)\n\tat java.base/jdk.internal.reflect.NativeMethodAccessorImpl.invoke0(Native Method)\n\tat java.base/jdk.internal.reflect.NativeMethodAccessorImpl.invoke(NativeMethodAccessorImpl.java:62)\n\tat java.base/jdk.internal.reflect.DelegatingMethodAccessorImpl.invoke(DelegatingMethodAccessorImpl.java:43)\n\tat java.base/java.lang.reflect.Method.invoke(Method.java:566)\n\tat org.gradle.internal.dispatch.ReflectionDispatch.dispatch(ReflectionDispatch.java:36)\n\tat org.gradle.internal.dispatch.ReflectionDispatch.dispatch(ReflectionDispatch.java:24)\n\tat org.gradle.internal.dispatch.ContextClassLoaderDispatch.dispatch(ContextClassLoaderDispatch.java:33)\n\tat org.gradle.internal.dispatch.ProxyDispatchAdapter$DispatchingInvocationHandler.invoke(ProxyDispatchAdapter.java:94)\n\tat com.sun.proxy.$Proxy2.stop(Unknown Source)\n\tat org.gradle.api.internal.tasks.testing.worker.TestWorker.stop(TestWorker.java:133)\n\tat java.base/jdk.internal.reflect.NativeMethodAccessorImpl.invoke0(Native Method)\n\tat java.base/jdk.internal.reflect.NativeMethodAccessorImpl.invoke(NativeMethodAccessorImpl.java:62)\n\tat java.base/jdk.internal.reflect.DelegatingMethodAccessorImpl.invoke(DelegatingMethodAccessorImpl.java:43)\n\tat java.base/java.lang.reflect.Method.invoke(Method.java:566)\n\tat org.gradle.internal.dispatch.ReflectionDispatch.dispatch(ReflectionDispatch.java:36)\n\tat org.gradle.internal.dispatch.ReflectionDispatch.dispatch(ReflectionDispatch.java:24)\n\tat org.gradle.internal.remote.internal.hub.MessageHubBackedObjectConnection$DispatchWrapper.dispatch(MessageHubBackedObjectConnection.java:182)\n\tat org.gradle.internal.remote.internal.hub.MessageHubBackedObjectConnection$DispatchWrapper.dispatch(MessageHubBackedObjectConnection.java:164)\n\tat org.gradle.internal.remote.internal.hub.MessageHub$Handler.run(MessageHub.java:414)\n\tat org.gradle.internal.concurrent.ExecutorPolicy$CatchAndRecordFailures.onExecute(ExecutorPolicy.java:64)\n\tat org.gradle.internal.concurrent.ManagedExecutorImpl$1.run(ManagedExecutorImpl.java:48)\n\tat java.base/java.util.concurrent.ThreadPoolExecutor.runWorker(ThreadPoolExecutor.java:1128)\n\tat java.base/java.util.concurrent.ThreadPoolExecutor$Worker.run(ThreadPoolExecutor.java:628)\n\tat org.gradle.internal.concurrent.ThreadFactoryImpl$ManagedThreadRunnable.run(ThreadFactoryImpl.java:56)\n\tat java.base/java.lang.Thread.run(Thread.java:829)\n","flaky":false,"newFailed":false,"newBroken":false,"newPassed":false,"retriesCount":0,"retriesStatusChange":false,"beforeStages":[{"name":"beforeAll","time":{"start":1690193988223,"stop":1690193988236,"duration":13},"status":"passed","steps":[],"attachments":[],"parameters":[],"stepsCount":0,"attachmentsCount":0,"shouldDisplayMessage":false,"hasContent":false}],"testStage":{"description":"","status":"failed","statusMessage":"Element should have text \"24.07.2023 10:20\" {By.xpath: //*[@id='top-tabContent']//span[text()='Дата создания:']/..}\nElement: '<div class=\"mt-2 mb-1\" data-v-c1c5dca4>Дата создания:\n24.07.2023 13:20</div>'\nActual value: text=\"Дата создания:\n24.07.2023 13:20\"\nScreenshot: file:/home/runner/work/tms_automation/tms_automation/build/reports/tests/1690194010223.0.png\nPage source: file:/home/runner/work/tms_automation/tms_automation/build/reports/tests/1690194010223.0.html\nTimeout: 4 s.","statusTrace":"Element should have text \"24.07.2023 10:20\" {By.xpath: //*[@id='top-tabContent']//span[text()='Дата создания:']/..}\nElement: '<div class=\"mt-2 mb-1\" data-v-c1c5dca4>Дата создания:\n24.07.2023 13:20</div>'\nActual value: text=\"Дата создания:\n24.07.2023 13:20\"\nScreenshot: file:/home/runner/work/tms_automation/tms_automation/build/reports/tests/1690194010223.0.png\nPage source: file:/home/runner/work/tms_automation/tms_automation/build/reports/tests/1690194010223.0.html\nTimeout: 4 s.\n\tat com.codeborne.selenide.impl.WebElementSource.handleError(WebElementSource.java:146)\n\tat com.codeborne.selenide.impl.WebElementSource.checkConditionAndReturnElement(WebElementSource.java:124)\n\tat com.codeborne.selenide.impl.WebElementSource.checkCondition(WebElementSource.java:101)\n\tat com.codeborne.selenide.commands.Should.execute(Should.java:30)\n\tat com.codeborne.selenide.commands.Should.execute(Should.java:14)\n\tat com.codeborne.selenide.commands.Commands.execute(Commands.java:160)\n\tat com.codeborne.selenide.impl.SelenideElementProxy.dispatchAndRetry(SelenideElementProxy.java:132)\n\tat com.codeborne.selenide.impl.SelenideElementProxy.invoke(SelenideElementProxy.java:84)\n\tat com.sun.proxy.$Proxy23.shouldHave(Unknown Source)\n\tat pages.MilestonePage.checkInfoMilestone(MilestonePage.java:55)\n\tat test.CreateMilestoneTest.checkMilestone(CreateMilestoneTest.java:62)\n\tat test.CreateMilestoneTest.createNewMilestoneTest(CreateMilestoneTest.java:40)\n\tat java.base/jdk.internal.reflect.NativeMethodAccessorImpl.invoke0(Native Method)\n\tat java.base/jdk.internal.reflect.NativeMethodAccessorImpl.invoke(NativeMethodAccessorImpl.java:62)\n\tat java.base/jdk.internal.reflect.DelegatingMethodAccessorImpl.invoke(DelegatingMethodAccessorImpl.java:43)\n\tat java.base/java.lang.reflect.Method.invoke(Method.java:566)\n\tat org.junit.platform.commons.util.ReflectionUtils.invokeMethod(ReflectionUtils.java:727)\n\tat org.junit.jupiter.engine.execution.MethodInvocation.proceed(MethodInvocation.java:60)\n\tat org.junit.jupiter.engine.execution.InvocationInterceptorChain$ValidatingInvocation.proceed(InvocationInterceptorChain.java:131)\n\tat org.junit.jupiter.api.extension.InvocationInterceptor.interceptTestMethod(InvocationInterceptor.java:118)\n\tat org.junit.jupiter.engine.execution.InterceptingExecutableInvoker$ReflectiveInterceptorCall.lambda$ofVoidMethod$0(InterceptingExecutableInvoker.java:103)\n\tat org.junit.jupiter.engine.execution.InterceptingExecutableInvoker.lambda$invoke$0(InterceptingExecutableInvoker.java:93)\n\tat org.junit.jupiter.engine.execution.InvocationInterceptorChain$InterceptedInvocation.proceed(InvocationInterceptorChain.java:106)\n\tat org.junit.jupiter.engine.extension.TimeoutExtension.intercept(TimeoutExtension.java:156)\n\tat org.junit.jupiter.engine.extension.TimeoutExtension.interceptTestableMethod(TimeoutExtension.java:147)\n\tat org.junit.jupiter.engine.extension.TimeoutExtension.interceptTestMethod(TimeoutExtension.java:86)\n\tat org.junit.jupiter.engine.execution.InterceptingExecutableInvoker$ReflectiveInterceptorCall.lambda$ofVoidMethod$0(InterceptingExecutableInvoker.java:103)\n\tat org.junit.jupiter.engine.execution.InterceptingExecutableInvoker.lambda$invoke$0(InterceptingExecutableInvoker.java:93)\n\tat org.junit.jupiter.engine.execution.InvocationInterceptorChain$InterceptedInvocation.proceed(InvocationInterceptorChain.java:106)\n\tat org.junit.jupiter.engine.execution.InvocationInterceptorChain.proceed(InvocationInterceptorChain.java:64)\n\tat org.junit.jupiter.engine.execution.InvocationInterceptorChain.chainAndInvoke(InvocationInterceptorChain.java:45)\n\tat org.junit.jupiter.engine.execution.InvocationInterceptorChain.invoke(InvocationInterceptorChain.java:37)\n\tat org.junit.jupiter.engine.execution.InterceptingExecutableInvoker.invoke(InterceptingExecutableInvoker.java:92)\n\tat org.junit.jupiter.engine.execution.InterceptingExecutableInvoker.invoke(InterceptingExecutableInvoker.java:86)\n\tat org.junit.jupiter.engine.descriptor.TestMethodTestDescriptor.lambda$invokeTestMethod$7(TestMethodTestDescriptor.java:217)\n\tat org.junit.platform.engine.support.hierarchical.ThrowableCollector.execute(ThrowableCollector.java:73)\n\tat org.junit.jupiter.engine.descriptor.TestMethodTestDescriptor.invokeTestMethod(TestMethodTestDescriptor.java:213)\n\tat org.junit.jupiter.engine.descriptor.TestMethodTestDescriptor.execute(TestMethodTestDescriptor.java:138)\n\tat org.junit.jupiter.engine.descriptor.TestMethodTestDescriptor.execute(TestMethodTestDescriptor.java:68)\n\tat org.junit.platform.engine.support.hierarchical.NodeTestTask.lambda$executeRecursively$6(NodeTestTask.java:151)\n\tat org.junit.platform.engine.support.hierarchical.ThrowableCollector.execute(ThrowableCollector.java:73)\n\tat org.junit.platform.engine.support.hierarchical.NodeTestTask.lambda$executeRecursively$8(NodeTestTask.java:141)\n\tat org.junit.platform.engine.support.hierarchical.Node.around(Node.java:137)\n\tat org.junit.platform.engine.support.hierarchical.NodeTestTask.lambda$executeRecursively$9(NodeTestTask.java:139)\n\tat org.junit.platform.engine.support.hierarchical.ThrowableCollector.execute(ThrowableCollector.java:73)\n\tat org.junit.platform.engine.support.hierarchical.NodeTestTask.executeRecursively(NodeTestTask.java:138)\n\tat org.junit.platform.engine.support.hierarchical.NodeTestTask.execute(NodeTestTask.java:95)\n\tat java.base/java.util.ArrayList.forEach(ArrayList.java:1541)\n\tat org.junit.platform.engine.support.hierarchical.SameThreadHierarchicalTestExecutorService.invokeAll(SameThreadHierarchicalTestExecutorService.java:41)\n\tat org.junit.platform.engine.support.hierarchical.NodeTestTask.lambda$executeRecursively$6(NodeTestTask.java:155)\n\tat org.junit.platform.engine.support.hierarchical.ThrowableCollector.execute(ThrowableCollector.java:73)\n\tat org.junit.platform.engine.support.hierarchical.NodeTestTask.lambda$executeRecursively$8(NodeTestTask.java:141)\n\tat org.junit.platform.engine.support.hierarchical.Node.around(Node.java:137)\n\tat org.junit.platform.engine.support.hierarchical.NodeTestTask.lambda$executeRecursively$9(NodeTestTask.java:139)\n\tat org.junit.platform.engine.support.hierarchical.ThrowableCollector.execute(ThrowableCollector.java:73)\n\tat org.junit.platform.engine.support.hierarchical.NodeTestTask.executeRecursively(NodeTestTask.java:138)\n\tat org.junit.platform.engine.support.hierarchical.NodeTestTask.execute(NodeTestTask.java:95)\n\tat java.base/java.util.ArrayList.forEach(ArrayList.java:1541)\n\tat org.junit.platform.engine.support.hierarchical.SameThreadHierarchicalTestExecutorService.invokeAll(SameThreadHierarchicalTestExecutorService.java:41)\n\tat org.junit.platform.engine.support.hierarchical.NodeTestTask.lambda$executeRecursively$6(NodeTestTask.java:155)\n\tat org.junit.platform.engine.support.hierarchical.ThrowableCollector.execute(ThrowableCollector.java:73)\n\tat org.junit.platform.engine.support.hierarchical.NodeTestTask.lambda$executeRecursively$8(NodeTestTask.java:141)\n\tat org.junit.platform.engine.support.hierarchical.Node.around(Node.java:137)\n\tat org.junit.platform.engine.support.hierarchical.NodeTestTask.lambda$executeRecursively$9(NodeTestTask.java:139)\n\tat org.junit.platform.engine.support.hierarchical.ThrowableCollector.execute(ThrowableCollector.java:73)\n\tat org.junit.platform.engine.support.hierarchical.NodeTestTask.executeRecursively(NodeTestTask.java:138)\n\tat org.junit.platform.engine.support.hierarchical.NodeTestTask.execute(NodeTestTask.java:95)\n\tat org.junit.platform.engine.support.hierarchical.SameThreadHierarchicalTestExecutorService.submit(SameThreadHierarchicalTestExecutorService.java:35)\n\tat org.junit.platform.engine.support.hierarchical.HierarchicalTestExecutor.execute(HierarchicalTestExecutor.java:57)\n\tat org.junit.platform.engine.support.hierarchical.HierarchicalTestEngine.execute(HierarchicalTestEngine.java:54)\n\tat org.junit.platform.launcher.core.EngineExecutionOrchestrator.execute(EngineExecutionOrchestrator.java:147)\n\tat org.junit.platform.launcher.core.EngineExecutionOrchestrator.execute(EngineExecutionOrchestrator.java:127)\n\tat org.junit.platform.launcher.core.EngineExecutionOrchestrator.execute(EngineExecutionOrchestrator.java:90)\n\tat org.junit.platform.launcher.core.EngineExecutionOrchestrator.lambda$execute$0(EngineExecutionOrchestrator.java:55)\n\tat org.junit.platform.launcher.core.EngineExecutionOrchestrator.withInterceptedStreams(EngineExecutionOrchestrator.java:102)\n\tat org.junit.platform.launcher.core.EngineExecutionOrchestrator.execute(EngineExecutionOrchestrator.java:54)\n\tat org.junit.platform.launcher.core.DefaultLauncher.execute(DefaultLauncher.java:114)\n\tat org.junit.platform.launcher.core.DefaultLauncher.execute(DefaultLauncher.java:86)\n\tat org.junit.platform.launcher.core.DefaultLauncherSession$DelegatingLauncher.execute(DefaultLauncherSession.java:86)\n\tat org.junit.platform.launcher.core.SessionPerRequestLauncher.execute(SessionPerRequestLauncher.java:53)\n\tat org.gradle.api.internal.tasks.testing.junitplatform.JUnitPlatformTestClassProcessor$CollectAllTestClassesExecutor.processAllTestClasses(JUnitPlatformTestClassProcessor.java:99)\n\tat org.gradle.api.internal.tasks.testing.junitplatform.JUnitPlatformTestClassProcessor$CollectAllTestClassesExecutor.access$000(JUnitPlatformTestClassProcessor.java:79)\n\tat org.gradle.api.internal.tasks.testing.junitplatform.JUnitPlatformTestClassProcessor.stop(JUnitPlatformTestClassProcessor.java:75)\n\tat org.gradle.api.internal.tasks.testing.SuiteTestClassProcessor.stop(SuiteTestClassProcessor.java:61)\n\tat java.base/jdk.internal.reflect.NativeMethodAccessorImpl.invoke0(Native Method)\n\tat java.base/jdk.internal.reflect.NativeMethodAccessorImpl.invoke(NativeMethodAccessorImpl.java:62)\n\tat java.base/jdk.internal.reflect.DelegatingMethodAccessorImpl.invoke(DelegatingMethodAccessorImpl.java:43)\n\tat java.base/java.lang.reflect.Method.invoke(Method.java:566)\n\tat org.gradle.internal.dispatch.ReflectionDispatch.dispatch(ReflectionDispatch.java:36)\n\tat org.gradle.internal.dispatch.ReflectionDispatch.dispatch(ReflectionDispatch.java:24)\n\tat org.gradle.internal.dispatch.ContextClassLoaderDispatch.dispatch(ContextClassLoaderDispatch.java:33)\n\tat org.gradle.internal.dispatch.ProxyDispatchAdapter$DispatchingInvocationHandler.invoke(ProxyDispatchAdapter.java:94)\n\tat com.sun.proxy.$Proxy2.stop(Unknown Source)\n\tat org.gradle.api.internal.tasks.testing.worker.TestWorker.stop(TestWorker.java:133)\n\tat java.base/jdk.internal.reflect.NativeMethodAccessorImpl.invoke0(Native Method)\n\tat java.base/jdk.internal.reflect.NativeMethodAccessorImpl.invoke(NativeMethodAccessorImpl.java:62)\n\tat java.base/jdk.internal.reflect.DelegatingMethodAccessorImpl.invoke(DelegatingMethodAccessorImpl.java:43)\n\tat java.base/java.lang.reflect.Method.invoke(Method.java:566)\n\tat org.gradle.internal.dispatch.ReflectionDispatch.dispatch(ReflectionDispatch.java:36)\n\tat org.gradle.internal.dispatch.ReflectionDispatch.dispatch(ReflectionDispatch.java:24)\n\tat org.gradle.internal.remote.internal.hub.MessageHubBackedObjectConnection$DispatchWrapper.dispatch(MessageHubBackedObjectConnection.java:182)\n\tat org.gradle.internal.remote.internal.hub.MessageHubBackedObjectConnection$DispatchWrapper.dispatch(MessageHubBackedObjectConnection.java:164)\n\tat org.gradle.internal.remote.internal.hub.MessageHub$Handler.run(MessageHub.java:414)\n\tat org.gradle.internal.concurrent.ExecutorPolicy$CatchAndRecordFailures.onExecute(ExecutorPolicy.java:64)\n\tat org.gradle.internal.concurrent.ManagedExecutorImpl$1.run(ManagedExecutorImpl.java:48)\n\tat java.base/java.util.concurrent.ThreadPoolExecutor.runWorker(ThreadPoolExecutor.java:1128)\n\tat java.base/java.util.concurrent.ThreadPoolExecutor$Worker.run(ThreadPoolExecutor.java:628)\n\tat org.gradle.internal.concurrent.ThreadFactoryImpl$ManagedThreadRunnable.run(ThreadFactoryImpl.java:56)\n\tat java.base/java.lang.Thread.run(Thread.java:829)\n","steps":[{"name":"$(\"open\") https://firetms.ru/sign","time":{"start":1690193988400,"stop":1690193993693,"duration":5293},"status":"passed","steps":[{"name":"$(\"webdriver\") create()","time":{"start":1690193988404,"stop":1690193991291,"duration":2887},"status":"passed","steps":[],"attachments":[],"parameters":[],"stepsCount":0,"attachmentsCount":0,"shouldDisplayMessage":false,"hasContent":false}],"attachments":[],"parameters":[],"stepsCount":1,"attachmentsCount":0,"shouldDisplayMessage":false,"hasContent":true},{"name":"$(\"input[placeholder='test@gmail.com']\") set value(latest_0001@gmail.com)","time":{"start":1690193993768,"stop":1690193994090,"duration":322},"status":"passed","steps":[],"attachments":[],"parameters":[],"stepsCount":0,"attachmentsCount":0,"shouldDisplayMessage":false,"hasContent":false},{"name":"$(\"input[placeholder='test@gmail.com']\") press enter()","time":{"start":1690193994090,"stop":1690193994184,"duration":94},"status":"passed","steps":[],"attachments":[],"parameters":[],"stepsCount":0,"attachmentsCount":0,"shouldDisplayMessage":false,"hasContent":false},{"name":"$(\"input[placeholder='*****'][0]\") set value(QWE123asdzxc)","time":{"start":1690193994187,"stop":1690193994842,"duration":655},"status":"passed","steps":[],"attachments":[],"parameters":[],"stepsCount":0,"attachmentsCount":0,"shouldDisplayMessage":false,"hasContent":false},{"name":"$(\"input[placeholder='*****'][0]\") press enter()","time":{"start":1690193994842,"stop":1690193994903,"duration":61},"status":"passed","steps":[],"attachments":[],"parameters":[],"stepsCount":0,"attachmentsCount":0,"shouldDisplayMessage":false,"hasContent":false},{"name":"$(\"h3\") should have(text \"Рабочий стол\")","time":{"start":1690193994907,"stop":1690193995955,"duration":1048},"status":"passed","steps":[],"attachments":[],"parameters":[],"stepsCount":0,"attachmentsCount":0,"shouldDisplayMessage":false,"hasContent":false},{"name":"$(\"window(index: 1)\") switch to()","time":{"start":1690193996019,"stop":1690193996049,"duration":30},"status":"passed","steps":[],"attachments":[],"parameters":[],"stepsCount":0,"attachmentsCount":0,"shouldDisplayMessage":false,"hasContent":false},{"name":"$(\"open\") https://work12.firetms.ru/p/pr1/settings","time":{"start":1690193996050,"stop":1690193997207,"duration":1157},"status":"passed","steps":[],"attachments":[],"parameters":[],"stepsCount":0,"attachmentsCount":0,"shouldDisplayMessage":false,"hasContent":false},{"name":"$(\"by tag: button; by text: Удалить\") should have(visible)","time":{"start":1690193997242,"stop":1690193997278,"duration":36},"status":"passed","steps":[],"attachments":[],"parameters":[],"stepsCount":0,"attachmentsCount":0,"shouldDisplayMessage":false,"hasContent":false},{"name":"$(\"by tag: button; by text: Удалить\") click()","time":{"start":1690193997278,"stop":1690193998671,"duration":1393},"status":"passed","steps":[],"attachments":[],"parameters":[],"stepsCount":0,"attachmentsCount":0,"shouldDisplayMessage":false,"hasContent":false},{"name":"$(\"input[modelmodifiers='[object Object]']\") set value(УДАЛИТЬ)","time":{"start":1690193998671,"stop":1690193998818,"duration":147},"status":"passed","steps":[],"attachments":[],"parameters":[],"stepsCount":0,"attachmentsCount":0,"shouldDisplayMessage":false,"hasContent":false},{"name":"$(\"input[modelmodifiers='[object Object]']\") press enter()","time":{"start":1690193998818,"stop":1690193998877,"duration":59},"status":"passed","steps":[],"attachments":[],"parameters":[],"stepsCount":0,"attachmentsCount":0,"shouldDisplayMessage":false,"hasContent":false},{"name":"$(\"window(index: 0)\") switch to()","time":{"start":1690193998877,"stop":1690193998894,"duration":17},"status":"passed","steps":[],"attachments":[],"parameters":[],"stepsCount":0,"attachmentsCount":0,"shouldDisplayMessage":false,"hasContent":false},{"name":"$(\"div.left-sidebar__menu-item[title='Мои пространства']\") click()","time":{"start":1690193998894,"stop":1690193999747,"duration":853},"status":"passed","steps":[],"attachments":[],"parameters":[],"stepsCount":0,"attachmentsCount":0,"shouldDisplayMessage":false,"hasContent":false},{"name":"$(\"by text: WORK\") should be(visible)","time":{"start":1690193999747,"stop":1690194000000,"duration":253},"status":"passed","steps":[],"attachments":[],"parameters":[],"stepsCount":0,"attachmentsCount":0,"shouldDisplayMessage":false,"hasContent":false},{"name":"$(\"by text: WORK\") click()","time":{"start":1690194000000,"stop":1690194000634,"duration":634},"status":"passed","steps":[],"attachments":[],"parameters":[],"stepsCount":0,"attachmentsCount":0,"shouldDisplayMessage":false,"hasContent":false},{"name":"$(\"li.nav-item.findBy(text \"Проекты\")\") click()","time":{"start":1690194000636,"stop":1690194000743,"duration":107},"status":"passed","steps":[],"attachments":[],"parameters":[],"stepsCount":0,"attachmentsCount":0,"shouldDisplayMessage":false,"hasContent":false},{"name":"$(\"by tag: button; by text: Добавить проект\") click()","time":{"start":1690194000743,"stop":1690194000873,"duration":130},"status":"passed","steps":[],"attachments":[],"parameters":[],"stepsCount":0,"attachmentsCount":0,"shouldDisplayMessage":false,"hasContent":false},{"name":"$(\"input.form-control[0]\") set value(PROJECT)","time":{"start":1690194000873,"stop":1690194001035,"duration":162},"status":"passed","steps":[],"attachments":[],"parameters":[],"stepsCount":0,"attachmentsCount":0,"shouldDisplayMessage":false,"hasContent":false},{"name":"$(\"input.form-control[0]\") press enter()","time":{"start":1690194001035,"stop":1690194001091,"duration":56},"status":"passed","steps":[],"attachments":[],"parameters":[],"stepsCount":0,"attachmentsCount":0,"shouldDisplayMessage":false,"hasContent":false},{"name":"$(\"input.form-control[1]\") set value(pr1)","time":{"start":1690194001091,"stop":1690194001248,"duration":157},"status":"passed","steps":[],"attachments":[],"parameters":[],"stepsCount":0,"attachmentsCount":0,"shouldDisplayMessage":false,"hasContent":false},{"name":"$(\"by tag: button; by text: Создать\") should have(visible)","time":{"start":1690194001248,"stop":1690194001286,"duration":38},"status":"passed","steps":[],"attachments":[],"parameters":[],"stepsCount":0,"attachmentsCount":0,"shouldDisplayMessage":false,"hasContent":false},{"name":"$(\"by tag: button; by text: Создать\") click()","time":{"start":1690194001286,"stop":1690194001356,"duration":70},"status":"passed","steps":[],"attachments":[],"parameters":[],"stepsCount":0,"attachmentsCount":0,"shouldDisplayMessage":false,"hasContent":false},{"name":"$(\"div.left-sidebar__menu-item[title='Milestones']\") click()","time":{"start":1690194001357,"stop":1690194003425,"duration":2068},"status":"passed","steps":[],"attachments":[],"parameters":[],"stepsCount":0,"attachmentsCount":0,"shouldDisplayMessage":false,"hasContent":false},{"name":"$(\"by tag: button; by text: Добавить milestone\") should have(visible)","time":{"start":1690194003425,"stop":1690194003463,"duration":38},"status":"passed","steps":[],"attachments":[],"parameters":[],"stepsCount":0,"attachmentsCount":0,"shouldDisplayMessage":false,"hasContent":false},{"name":"$(\"by tag: button; by text: Добавить milestone\") click()","time":{"start":1690194003463,"stop":1690194004147,"duration":684},"status":"passed","steps":[],"attachments":[],"parameters":[],"stepsCount":0,"attachmentsCount":0,"shouldDisplayMessage":false,"hasContent":false},{"name":"$(\"input.form-control\") set value(Новый Milestone)","time":{"start":1690194004147,"stop":1690194004295,"duration":148},"status":"passed","steps":[],"attachments":[],"parameters":[],"stepsCount":0,"attachmentsCount":0,"shouldDisplayMessage":false,"hasContent":false},{"name":"$(\"By.xpath: //label[text()='Информация ']//following-sibling::div/child::div[1]\") set value(Информация о тест Milestone)","time":{"start":1690194004299,"stop":1690194004547,"duration":248},"status":"passed","steps":[],"attachments":[],"parameters":[],"stepsCount":0,"attachmentsCount":0,"shouldDisplayMessage":false,"hasContent":false},{"name":"$(\"input[placeholder='дд.мм.гггг']\") set value(24.07.2023)","time":{"start":1690194004547,"stop":1690194004703,"duration":156},"status":"passed","steps":[],"attachments":[],"parameters":[],"stepsCount":0,"attachmentsCount":0,"shouldDisplayMessage":false,"hasContent":false},{"name":"$(\"by tag: button; by text: Сохранить и перейти к записи\") should have(visible)","time":{"start":1690194004703,"stop":1690194004731,"duration":28},"status":"passed","steps":[],"attachments":[],"parameters":[],"stepsCount":0,"attachmentsCount":0,"shouldDisplayMessage":false,"hasContent":false},{"name":"$(\"by tag: button; by text: Сохранить и перейти к записи\") click()","time":{"start":1690194004731,"stop":1690194004806,"duration":75},"status":"passed","steps":[],"attachments":[],"parameters":[],"stepsCount":0,"attachmentsCount":0,"shouldDisplayMessage":false,"hasContent":false},{"name":"$(\"div.container-fluid h5\") should have(text \"Новый Milestone\")","time":{"start":1690194004806,"stop":1690194005933,"duration":1127},"status":"passed","steps":[],"attachments":[],"parameters":[],"stepsCount":0,"attachmentsCount":0,"shouldDisplayMessage":false,"hasContent":false},{"name":"$(\"By.xpath: //h4[text()='Информация']//following::div[1]//p\") should have(text \"Информация о тест Milestone\")","time":{"start":1690194005933,"stop":1690194005970,"duration":37},"status":"passed","steps":[],"attachments":[],"parameters":[],"stepsCount":0,"attachmentsCount":0,"shouldDisplayMessage":false,"hasContent":false},{"name":"$(\"img.avatar + div\") should have(text \"@latest_0001\")","time":{"start":1690194005972,"stop":1690194006014,"duration":42},"status":"passed","steps":[],"attachments":[],"parameters":[],"stepsCount":0,"attachmentsCount":0,"shouldDisplayMessage":false,"hasContent":false},{"name":"$(\"By.xpath: //*[@id='top-tabContent']//span[text()='Статус:']/..\") should have(text \"-\")","time":{"start":1690194006015,"stop":1690194006042,"duration":27},"status":"passed","steps":[],"attachments":[],"parameters":[],"stepsCount":0,"attachmentsCount":0,"shouldDisplayMessage":false,"hasContent":false},{"name":"$(\"By.xpath: //*[@id='top-tabContent']//span[text()='Дата создания:']/..\") should have(text \"24.07.2023 10:20\")","time":{"start":1690194006043,"stop":1690194010607,"duration":4564},"status":"failed","statusMessage":"Element should have text \"24.07.2023 10:20\" {By.xpath: //*[@id='top-tabContent']//span[text()='Дата создания:']/..}\nElement: '<div class=\"mt-2 mb-1\" data-v-c1c5dca4>Дата создания:\n24.07.2023 13:20</div>'\nActual value: text=\"Дата создания:\n24.07.2023 13:20\"\nScreenshot: file:/home/runner/work/tms_automation/tms_automation/build/reports/tests/1690194010223.0.png\nPage source: file:/home/runner/work/tms_automation/tms_automation/build/reports/tests/1690194010223.0.html\nTimeout: 4 s.","statusTrace":"Element should have text \"24.07.2023 10:20\" {By.xpath: //*[@id='top-tabContent']//span[text()='Дата создания:']/..}\nElement: '<div class=\"mt-2 mb-1\" data-v-c1c5dca4>Дата создания:\n24.07.2023 13:20</div>'\nActual value: text=\"Дата создания:\n24.07.2023 13:20\"\nScreenshot: file:/home/runner/work/tms_automation/tms_automation/build/reports/tests/1690194010223.0.png\nPage source: file:/home/runner/work/tms_automation/tms_automation/build/reports/tests/1690194010223.0.html\nTimeout: 4 s.\n\tat com.codeborne.selenide.impl.WebElementSource.handleError(WebElementSource.java:146)\n\tat com.codeborne.selenide.impl.WebElementSource.checkConditionAndReturnElement(WebElementSource.java:124)\n\tat com.codeborne.selenide.impl.WebElementSource.checkCondition(WebElementSource.java:101)\n\tat com.codeborne.selenide.commands.Should.execute(Should.java:30)\n\tat com.codeborne.selenide.commands.Should.execute(Should.java:14)\n\tat com.codeborne.selenide.commands.Commands.execute(Commands.java:160)\n\tat com.codeborne.selenide.impl.SelenideElementProxy.dispatchAndRetry(SelenideElementProxy.java:132)\n\tat com.codeborne.selenide.impl.SelenideElementProxy.invoke(SelenideElementProxy.java:84)\n\tat com.sun.proxy.$Proxy23.shouldHave(Unknown Source)\n\tat pages.MilestonePage.checkInfoMilestone(MilestonePage.java:55)\n\tat test.CreateMilestoneTest.checkMilestone(CreateMilestoneTest.java:62)\n\tat test.CreateMilestoneTest.createNewMilestoneTest(CreateMilestoneTest.java:40)\n\tat java.base/jdk.internal.reflect.NativeMethodAccessorImpl.invoke0(Native Method)\n\tat java.base/jdk.internal.reflect.NativeMethodAccessorImpl.invoke(NativeMethodAccessorImpl.java:62)\n\tat java.base/jdk.internal.reflect.DelegatingMethodAccessorImpl.invoke(DelegatingMethodAccessorImpl.java:43)\n\tat java.base/java.lang.reflect.Method.invoke(Method.java:566)\n\tat org.junit.platform.commons.util.ReflectionUtils.invokeMethod(ReflectionUtils.java:727)\n\tat org.junit.jupiter.engine.execution.MethodInvocation.proceed(MethodInvocation.java:60)\n\tat org.junit.jupiter.engine.execution.InvocationInterceptorChain$ValidatingInvocation.proceed(InvocationInterceptorChain.java:131)\n\tat org.junit.jupiter.api.extension.InvocationInterceptor.interceptTestMethod(InvocationInterceptor.java:118)\n\tat org.junit.jupiter.engine.execution.InterceptingExecutableInvoker$ReflectiveInterceptorCall.lambda$ofVoidMethod$0(InterceptingExecutableInvoker.java:103)\n\tat org.junit.jupiter.engine.execution.InterceptingExecutableInvoker.lambda$invoke$0(InterceptingExecutableInvoker.java:93)\n\tat org.junit.jupiter.engine.execution.InvocationInterceptorChain$InterceptedInvocation.proceed(InvocationInterceptorChain.java:106)\n\tat org.junit.jupiter.engine.extension.TimeoutExtension.intercept(TimeoutExtension.java:156)\n\tat org.junit.jupiter.engine.extension.TimeoutExtension.interceptTestableMethod(TimeoutExtension.java:147)\n\tat org.junit.jupiter.engine.extension.TimeoutExtension.interceptTestMethod(TimeoutExtension.java:86)\n\tat org.junit.jupiter.engine.execution.InterceptingExecutableInvoker$ReflectiveInterceptorCall.lambda$ofVoidMethod$0(InterceptingExecutableInvoker.java:103)\n\tat org.junit.jupiter.engine.execution.InterceptingExecutableInvoker.lambda$invoke$0(InterceptingExecutableInvoker.java:93)\n\tat org.junit.jupiter.engine.execution.InvocationInterceptorChain$InterceptedInvocation.proceed(InvocationInterceptorChain.java:106)\n\tat org.junit.jupiter.engine.execution.InvocationInterceptorChain.proceed(InvocationInterceptorChain.java:64)\n\tat org.junit.jupiter.engine.execution.InvocationInterceptorChain.chainAndInvoke(InvocationInterceptorChain.java:45)\n\tat org.junit.jupiter.engine.execution.InvocationInterceptorChain.invoke(InvocationInterceptorChain.java:37)\n\tat org.junit.jupiter.engine.execution.InterceptingExecutableInvoker.invoke(InterceptingExecutableInvoker.java:92)\n\tat org.junit.jupiter.engine.execution.InterceptingExecutableInvoker.invoke(InterceptingExecutableInvoker.java:86)\n\tat org.junit.jupiter.engine.descriptor.TestMethodTestDescriptor.lambda$invokeTestMethod$7(TestMethodTestDescriptor.java:217)\n\tat org.junit.platform.engine.support.hierarchical.ThrowableCollector.execute(ThrowableCollector.java:73)\n\tat org.junit.jupiter.engine.descriptor.TestMethodTestDescriptor.invokeTestMethod(TestMethodTestDescriptor.java:213)\n\tat org.junit.jupiter.engine.descriptor.TestMethodTestDescriptor.execute(TestMethodTestDescriptor.java:138)\n\tat org.junit.jupiter.engine.descriptor.TestMethodTestDescriptor.execute(TestMethodTestDescriptor.java:68)\n\tat org.junit.platform.engine.support.hierarchical.NodeTestTask.lambda$executeRecursively$6(NodeTestTask.java:151)\n\tat org.junit.platform.engine.support.hierarchical.ThrowableCollector.execute(ThrowableCollector.java:73)\n\tat org.junit.platform.engine.support.hierarchical.NodeTestTask.lambda$executeRecursively$8(NodeTestTask.java:141)\n\tat org.junit.platform.engine.support.hierarchical.Node.around(Node.java:137)\n\tat org.junit.platform.engine.support.hierarchical.NodeTestTask.lambda$executeRecursively$9(NodeTestTask.java:139)\n\tat org.junit.platform.engine.support.hierarchical.ThrowableCollector.execute(ThrowableCollector.java:73)\n\tat org.junit.platform.engine.support.hierarchical.NodeTestTask.executeRecursively(NodeTestTask.java:138)\n\tat org.junit.platform.engine.support.hierarchical.NodeTestTask.execute(NodeTestTask.java:95)\n\tat java.base/java.util.ArrayList.forEach(ArrayList.java:1541)\n\tat org.junit.platform.engine.support.hierarchical.SameThreadHierarchicalTestExecutorService.invokeAll(SameThreadHierarchicalTestExecutorService.java:41)\n\tat org.junit.platform.engine.support.hierarchical.NodeTestTask.lambda$executeRecursively$6(NodeTestTask.java:155)\n\tat org.junit.platform.engine.support.hierarchical.ThrowableCollector.execute(ThrowableCollector.java:73)\n\tat org.junit.platform.engine.support.hierarchical.NodeTestTask.lambda$executeRecursively$8(NodeTestTask.java:141)\n\tat org.junit.platform.engine.support.hierarchical.Node.around(Node.java:137)\n\tat org.junit.platform.engine.support.hierarchical.NodeTestTask.lambda$executeRecursively$9(NodeTestTask.java:139)\n\tat org.junit.platform.engine.support.hierarchical.ThrowableCollector.execute(ThrowableCollector.java:73)\n\tat org.junit.platform.engine.support.hierarchical.NodeTestTask.executeRecursively(NodeTestTask.java:138)\n\tat org.junit.platform.engine.support.hierarchical.NodeTestTask.execute(NodeTestTask.java:95)\n\tat java.base/java.util.ArrayList.forEach(ArrayList.java:1541)\n\tat org.junit.platform.engine.support.hierarchical.SameThreadHierarchicalTestExecutorService.invokeAll(SameThreadHierarchicalTestExecutorService.java:41)\n\tat org.junit.platform.engine.support.hierarchical.NodeTestTask.lambda$executeRecursively$6(NodeTestTask.java:155)\n\tat org.junit.platform.engine.support.hierarchical.ThrowableCollector.execute(ThrowableCollector.java:73)\n\tat org.junit.platform.engine.support.hierarchical.NodeTestTask.lambda$executeRecursively$8(NodeTestTask.java:141)\n\tat org.junit.platform.engine.support.hierarchical.Node.around(Node.java:137)\n\tat org.junit.platform.engine.support.hierarchical.NodeTestTask.lambda$executeRecursively$9(NodeTestTask.java:139)\n\tat org.junit.platform.engine.support.hierarchical.ThrowableCollector.execute(ThrowableCollector.java:73)\n\tat org.junit.platform.engine.support.hierarchical.NodeTestTask.executeRecursively(NodeTestTask.java:138)\n\tat org.junit.platform.engine.support.hierarchical.NodeTestTask.execute(NodeTestTask.java:95)\n\tat org.junit.platform.engine.support.hierarchical.SameThreadHierarchicalTestExecutorService.submit(SameThreadHierarchicalTestExecutorService.java:35)\n\tat org.junit.platform.engine.support.hierarchical.HierarchicalTestExecutor.execute(HierarchicalTestExecutor.java:57)\n\tat org.junit.platform.engine.support.hierarchical.HierarchicalTestEngine.execute(HierarchicalTestEngine.java:54)\n\tat org.junit.platform.launcher.core.EngineExecutionOrchestrator.execute(EngineExecutionOrchestrator.java:147)\n\tat org.junit.platform.launcher.core.EngineExecutionOrchestrator.execute(EngineExecutionOrchestrator.java:127)\n\tat org.junit.platform.launcher.core.EngineExecutionOrchestrator.execute(EngineExecutionOrchestrator.java:90)\n\tat org.junit.platform.launcher.core.EngineExecutionOrchestrator.lambda$execute$0(EngineExecutionOrchestrator.java:55)\n\tat org.junit.platform.launcher.core.EngineExecutionOrchestrator.withInterceptedStreams(EngineExecutionOrchestrator.java:102)\n\tat org.junit.platform.launcher.core.EngineExecutionOrchestrator.execute(EngineExecutionOrchestrator.java:54)\n\tat org.junit.platform.launcher.core.DefaultLauncher.execute(DefaultLauncher.java:114)\n\tat org.junit.platform.launcher.core.DefaultLauncher.execute(DefaultLauncher.java:86)\n\tat org.junit.platform.launcher.core.DefaultLauncherSession$DelegatingLauncher.execute(DefaultLauncherSession.java:86)\n\tat org.junit.platform.launcher.core.SessionPerRequestLauncher.execute(SessionPerRequestLauncher.java:53)\n\tat org.gradle.api.internal.tasks.testing.junitplatform.JUnitPlatformTestClassProcessor$CollectAllTestClassesExecutor.processAllTestClasses(JUnitPlatformTestClassProcessor.java:99)\n\tat org.gradle.api.internal.tasks.testing.junitplatform.JUnitPlatformTestClassProcessor$CollectAllTestClassesExecutor.access$000(JUnitPlatformTestClassProcessor.java:79)\n\tat org.gradle.api.internal.tasks.testing.junitplatform.JUnitPlatformTestClassProcessor.stop(JUnitPlatformTestClassProcessor.java:75)\n\tat org.gradle.api.internal.tasks.testing.SuiteTestClassProcessor.stop(SuiteTestClassProcessor.java:61)\n\tat java.base/jdk.internal.reflect.NativeMethodAccessorImpl.invoke0(Native Method)\n\tat java.base/jdk.internal.reflect.NativeMethodAccessorImpl.invoke(NativeMethodAccessorImpl.java:62)\n\tat java.base/jdk.internal.reflect.DelegatingMethodAccessorImpl.invoke(DelegatingMethodAccessorImpl.java:43)\n\tat java.base/java.lang.reflect.Method.invoke(Method.java:566)\n\tat org.gradle.internal.dispatch.ReflectionDispatch.dispatch(ReflectionDispatch.java:36)\n\tat org.gradle.internal.dispatch.ReflectionDispatch.dispatch(ReflectionDispatch.java:24)\n\tat org.gradle.internal.dispatch.ContextClassLoaderDispatch.dispatch(ContextClassLoaderDispatch.java:33)\n\tat org.gradle.internal.dispatch.ProxyDispatchAdapter$DispatchingInvocationHandler.invoke(ProxyDispatchAdapter.java:94)\n\tat com.sun.proxy.$Proxy2.stop(Unknown Source)\n\tat org.gradle.api.internal.tasks.testing.worker.TestWorker.stop(TestWorker.java:133)\n\tat java.base/jdk.internal.reflect.NativeMethodAccessorImpl.invoke0(Native Method)\n\tat java.base/jdk.internal.reflect.NativeMethodAccessorImpl.invoke(NativeMethodAccessorImpl.java:62)\n\tat java.base/jdk.internal.reflect.DelegatingMethodAccessorImpl.invoke(DelegatingMethodAccessorImpl.java:43)\n\tat java.base/java.lang.reflect.Method.invoke(Method.java:566)\n\tat org.gradle.internal.dispatch.ReflectionDispatch.dispatch(ReflectionDispatch.java:36)\n\tat org.gradle.internal.dispatch.ReflectionDispatch.dispatch(ReflectionDispatch.java:24)\n\tat org.gradle.internal.remote.internal.hub.MessageHubBackedObjectConnection$DispatchWrapper.dispatch(MessageHubBackedObjectConnection.java:182)\n\tat org.gradle.internal.remote.internal.hub.MessageHubBackedObjectConnection$DispatchWrapper.dispatch(MessageHubBackedObjectConnection.java:164)\n\tat org.gradle.internal.remote.internal.hub.MessageHub$Handler.run(MessageHub.java:414)\n\tat org.gradle.internal.concurrent.ExecutorPolicy$CatchAndRecordFailures.onExecute(ExecutorPolicy.java:64)\n\tat org.gradle.internal.concurrent.ManagedExecutorImpl$1.run(ManagedExecutorImpl.java:48)\n\tat java.base/java.util.concurrent.ThreadPoolExecutor.runWorker(ThreadPoolExecutor.java:1128)\n\tat java.base/java.util.concurrent.ThreadPoolExecutor$Worker.run(ThreadPoolExecutor.java:628)\n\tat org.gradle.internal.concurrent.ThreadFactoryImpl$ManagedThreadRunnable.run(ThreadFactoryImpl.java:56)\n\tat java.base/java.lang.Thread.run(Thread.java:829)\n","steps":[],"attachments":[{"uid":"4ec2571d6ffe4404","name":"Screenshot","source":"4ec2571d6ffe4404.png","type":"image/png","size":82252},{"uid":"1b993d0aa254b44c","name":"Page source","source":"1b993d0aa254b44c.html","type":"text/html","size":46064}],"parameters":[],"stepsCount":0,"attachmentsCount":2,"shouldDisplayMessage":true,"hasContent":true}],"attachments":[],"parameters":[],"stepsCount":37,"attachmentsCount":2,"shouldDisplayMessage":false,"hasContent":true},"afterStages":[{"name":"afterAll","time":{"start":1690194010737,"stop":1690194010818,"duration":81},"status":"passed","steps":[{"name":"$(\"current window\") close()","time":{"start":1690194010737,"stop":1690194010817,"duration":80},"status":"passed","steps":[],"attachments":[],"parameters":[],"stepsCount":0,"attachmentsCount":0,"shouldDisplayMessage":false,"hasContent":false}],"attachments":[],"parameters":[],"stepsCount":1,"attachmentsCount":0,"shouldDisplayMessage":false,"hasContent":true}],"labels":[{"name":"tag","value":"milestone"},{"name":"junit.platform.uniqueid","value":"[engine:junit-jupiter]/[class:test.CreateMilestoneTest]/[method:createNewMilestoneTest()]"},{"name":"owner","value":"buyanovMV"},{"name":"feature","value":"Тестироване сущности 'MILESTONE'"},{"name":"host","value":"fv-az436-650"},{"name":"thread","value":"2851@fv-az436-650.Test worker(11)"},{"name":"framework","value":"junit-platform"},{"name":"language","value":"java"},{"name":"package","value":"test.CreateMilestoneTest"},{"name":"testClass","value":"test.CreateMilestoneTest"},{"name":"testMethod","value":"createNewMilestoneTest"},{"name":"suite","value":"test.CreateMilestoneTest"},{"name":"severity","value":"blocker"},{"name":"resultFormat","value":"allure2"}],"parameters":[],"links":[],"hidden":false,"retry":false,"extra":{"severity":"blocker","owner":"buyanovMV","retries":[],"categories":[{"name":"Product defects","matchedStatuses":[],"flaky":false}],"history":{"statistic":{"failed":18,"broken":0,"skipped":0,"passed":0,"unknown":0,"total":18},"items":[{"uid":"56d0ad97e84d2001","reportUrl":"https://mikhailbu.github.io/tms_automation/24//#testresult/56d0ad97e84d2001","status":"failed","statusDetails":"Element should have text \"24.07.2023 10:10\" {By.xpath: //*[@id='top-tabContent']//span[text()='Дата создания:']/..}\nElement: '<div class=\"mt-2 mb-1\" data-v-c1c5dca4>Дата создания:\n24.07.2023 13:10</div>'\nActual value: text=\"Дата создания:\n24.07.2023 13:10\"\nScreenshot: file:/home/runner/work/tms_automation/tms_automation/build/reports/tests/1690193424708.0.png\nPage source: file:/home/runner/work/tms_automation/tms_automation/build/reports/tests/1690193424708.0.html\nTimeout: 4 s.","time":{"start":1690193401894,"stop":1690193425106,"duration":23212}},{"uid":"9b2ec830dfa82053","reportUrl":"https://mikhailbu.github.io/tms_automation/23//#testresult/9b2ec830dfa82053","status":"failed","statusDetails":"Element not found {by tag: button; by text: Удалить}\nExpected: visible\nScreenshot: file:/home/runner/work/tms_automation/tms_automation/build/reports/tests/1690192906375.0.png\nPage source: file:/home/runner/work/tms_automation/tms_automation/build/reports/tests/1690192906375.0.html\nTimeout: 4 s.\nCaused by: NoSuchElementException: no such element: Unable to locate element: {\"method\":\"xpath\",\"selector\":\".//button/text()[normalize-space(translate(string(.), '","time":{"start":1690192893296,"stop":1690192906811,"duration":13515}},{"uid":"1d517e005b7d51f8","reportUrl":"https://mikhailbu.github.io/tms_automation/22//#testresult/1d517e005b7d51f8","status":"failed","statusDetails":"Element should have text \"24.07.2023 09:24\" {By.xpath: //*[@id='top-tabContent']//span[text()='Дата создания:']/..}\nElement: '<div class=\"mt-2 mb-1\" data-v-c1c5dca4>Дата создания:\n24.07.2023 12:24</div>'\nActual value: text=\"Дата создания:\n24.07.2023 12:24\"\nScreenshot: file:/home/runner/work/tms_automation/tms_automation/build/reports/tests/1690190664745.0.png\nPage source: file:/home/runner/work/tms_automation/tms_automation/build/reports/tests/1690190664745.0.html\nTimeout: 4 s.","time":{"start":1690190643525,"stop":1690190665138,"duration":21613}},{"uid":"be511d2f32c82dad","reportUrl":"https://mikhailbu.github.io/tms_automation/21//#testresult/be511d2f32c82dad","status":"failed","statusDetails":"Element should have text \"24.07.2023 09:17\" {By.xpath: //*[@id='top-tabContent']//span[text()='Дата создания:']/..}\nElement: '<div class=\"mt-2 mb-1\" data-v-c1c5dca4>Дата создания:\n24.07.2023 12:17</div>'\nActual value: text=\"Дата создания:\n24.07.2023 12:17\"\nScreenshot: file:/home/runner/work/tms_automation/tms_automation/build/reports/tests/1690190247178.0.png\nPage source: file:/home/runner/work/tms_automation/tms_automation/build/reports/tests/1690190247178.0.html\nTimeout: 4 s.","time":{"start":1690190226321,"stop":1690190247556,"duration":21235}},{"uid":"d05b63b93e374d8a","reportUrl":"https://mikhailbu.github.io/tms_automation/20//#testresult/d05b63b93e374d8a","status":"failed","statusDetails":"Element not found {by tag: button; by text: Удалить}\nExpected: visible\nScreenshot: file:/home/runner/work/tms_automation/tms_automation/build/reports/tests/1690189252494.0.png\nPage source: file:/home/runner/work/tms_automation/tms_automation/build/reports/tests/1690189252494.0.html\nTimeout: 4 s.\nCaused by: NoSuchElementException: no such element: Unable to locate element: {\"method\":\"xpath\",\"selector\":\".//button/text()[normalize-space(translate(string(.), '","time":{"start":1690189239682,"stop":1690189252815,"duration":13133}},{"uid":"d360ded234cb166","reportUrl":"https://mikhailbu.github.io/tms_automation/19//#testresult/d360ded234cb166","status":"failed","statusDetails":"Element should have text \"23.07.2023 15:08\" {By.xpath: //*[@id='top-tabContent']//span[text()='Дата создания:']/..}\nElement: '<div class=\"mt-2 mb-1\" data-v-c1c5dca4>Дата создания:\n23.07.2023 18:08</div>'\nActual value: text=\"Дата создания:\n23.07.2023 18:08\"\nScreenshot: file:/home/runner/work/tms_automation/tms_automation/build/reports/tests/1690124942188.0.png\nPage source: file:/home/runner/work/tms_automation/tms_automation/build/reports/tests/1690124942188.0.html\nTimeout: 4 s.","time":{"start":1690124917850,"stop":1690124942667,"duration":24817}},{"uid":"90396e6a7757262f","reportUrl":"https://mikhailbu.github.io/tms_automation/18//#testresult/90396e6a7757262f","status":"failed","statusDetails":"Element should have text \"23.07.2023 14:53\" {By.xpath: //*[@id='top-tabContent']//span[text()='Дата создания:']/..}\nElement: '<div class=\"mt-2 mb-1\" data-v-c1c5dca4>Дата создания:\n23.07.2023 17:53</div>'\nActual value: text=\"Дата создания:\n23.07.2023 17:53\"\nScreenshot: file:/home/runner/work/tms_automation/tms_automation/build/reports/tests/1690124001325.0.png\nPage source: file:/home/runner/work/tms_automation/tms_automation/build/reports/tests/1690124001325.0.html\nTimeout: 4 s.","time":{"start":1690123978931,"stop":1690124001723,"duration":22792}},{"uid":"77ca3a8e45df6c03","reportUrl":"https://mikhailbu.github.io/tms_automation/17//#testresult/77ca3a8e45df6c03","status":"failed","statusDetails":"Element should have text \"23.07.2023 14:24\" {By.xpath: //*[@id='top-tabContent']//span[text()='Дата создания:']/..}\nElement: '<div class=\"mt-2 mb-1\" data-v-c1c5dca4>Дата создания:\n23.07.2023 17:24</div>'\nActual value: text=\"Дата создания:\n23.07.2023 17:24\"\nScreenshot: file:/home/runner/work/tms_automation/tms_automation/build/reports/tests/1690122248806.0.png\nPage source: file:/home/runner/work/tms_automation/tms_automation/build/reports/tests/1690122248806.0.html\nTimeout: 4 s.","time":{"start":1690122223502,"stop":1690122249306,"duration":25804}},{"uid":"be1aaa4b7eee6f80","reportUrl":"https://mikhailbu.github.io/tms_automation/16//#testresult/be1aaa4b7eee6f80","status":"failed","statusDetails":"Element not found {by tag: button; by text: Удалить}\nExpected: visible\nScreenshot: file:/home/runner/work/tms_automation/tms_automation/build/reports/tests/1690121853713.0.png\nPage source: file:/home/runner/work/tms_automation/tms_automation/build/reports/tests/1690121853713.0.html\nTimeout: 4 s.\nCaused by: NoSuchElementException: no such element: Unable to locate element: {\"method\":\"xpath\",\"selector\":\".//button/text()[normalize-space(translate(string(.), '","time":{"start":1690121840898,"stop":1690121854040,"duration":13142}},{"uid":"a62ef23a59bec7ba","reportUrl":"https://mikhailbu.github.io/tms_automation/15//#testresult/a62ef23a59bec7ba","status":"failed","statusDetails":"Element not found {by tag: button; by text: Удалить}\nExpected: visible\nScreenshot: file:/home/runner/work/tms_automation/tms_automation/build/reports/tests/1690120634651.0.png\nPage source: file:/home/runner/work/tms_automation/tms_automation/build/reports/tests/1690120634651.0.html\nTimeout: 4 s.\nCaused by: NoSuchElementException: no such element: Unable to locate element: {\"method\":\"xpath\",\"selector\":\".//button/text()[normalize-space(translate(string(.), '","time":{"start":1690120620601,"stop":1690120635053,"duration":14452}},{"uid":"902853559f5308f2","reportUrl":"https://mikhailbu.github.io/tms_automation/14//#testresult/902853559f5308f2","status":"failed","statusDetails":"Element not found {by tag: button; by text: Удалить}\nExpected: visible\nScreenshot: file:/home/runner/work/tms_automation/tms_automation/build/reports/tests/1690120283430.0.png\nPage source: file:/home/runner/work/tms_automation/tms_automation/build/reports/tests/1690120283430.0.html\nTimeout: 4 s.\nCaused by: NoSuchElementException: no such element: Unable to locate element: {\"method\":\"xpath\",\"selector\":\".//button/text()[normalize-space(translate(string(.), '","time":{"start":1690120268680,"stop":1690120283876,"duration":15196}},{"uid":"370dac6e74867e73","reportUrl":"https://mikhailbu.github.io/tms_automation/13//#testresult/370dac6e74867e73","status":"failed","statusDetails":"Element not found {by tag: button; by text: Удалить}\nExpected: visible\nScreenshot: file:/home/runner/work/tms_automation/tms_automation/build/reports/tests/1690119520138.0.png\nPage source: file:/home/runner/work/tms_automation/tms_automation/build/reports/tests/1690119520138.0.html\nTimeout: 4 s.\nCaused by: NoSuchElementException: no such element: Unable to locate element: {\"method\":\"xpath\",\"selector\":\".//button/text()[normalize-space(translate(string(.), '","time":{"start":1690119506931,"stop":1690119520493,"duration":13562}},{"uid":"b27ce64f064a5acf","reportUrl":"https://mikhailbu.github.io/tms_automation/12//#testresult/b27ce64f064a5acf","status":"failed","statusDetails":"Element not found {by tag: button; by text: Удалить}\nExpected: visible\nScreenshot: file:/home/runner/work/tms_automation/tms_automation/build/reports/tests/1690118888001.0.png\nPage source: file:/home/runner/work/tms_automation/tms_automation/build/reports/tests/1690118888001.0.html\nTimeout: 4 s.\nCaused by: NoSuchElementException: no such element: Unable to locate element: {\"method\":\"xpath\",\"selector\":\".//button/text()[normalize-space(translate(string(.), '","time":{"start":1690118872899,"stop":1690118888445,"duration":15546}},{"uid":"f4c6daffce249305","reportUrl":"https://mikhailbu.github.io/tms_automation/11//#testresult/f4c6daffce249305","status":"failed","statusDetails":"Element not found {By.xpath: div.left-sidebar__menu-item[title='Мои пространства']}\nExpected: interactable\nScreenshot: file:/home/runner/work/tms_automation/tms_automation/build/reports/tests/1690117687519.0.png\nPage source: file:/home/runner/work/tms_automation/tms_automation/build/reports/tests/1690117687519.0.html\nTimeout: 4 s.\nCaused by: NoSuchElementException: no such element: Unable to locate element: {\"method\":\"xpath\",\"selector\":\"div.left-sidebar__menu-item[title='Мои пространства']\"}","time":{"start":1690117669575,"stop":1690117688218,"duration":18643}},{"uid":"337ed16897830dd5","reportUrl":"https://mikhailbu.github.io/tms_automation/10//#testresult/337ed16897830dd5","status":"failed","statusDetails":"Element should have text \"23.07.2023 12:56\" {By.xpath: //*[@id='top-tabContent']//span[text()='Дата создания:']/..}\nElement: '<div class=\"mt-2 mb-1\" data-v-c1c5dca4>Дата создания:\n23.07.2023 15:56</div>'\nActual value: text=\"Дата создания:\n23.07.2023 15:56\"\nScreenshot: file:/home/runner/work/tms_automation/tms_automation/build/reports/tests/1690116968007.0.png\nPage source: file:/home/runner/work/tms_automation/tms_automation/build/reports/tests/1690116968007.0.html\nTimeout: 4 s.","time":{"start":1690116946652,"stop":1690116968405,"duration":21753}},{"uid":"e92786b74115fc2c","reportUrl":"https://mikhailbu.github.io/tms_automation/9//#testresult/e92786b74115fc2c","status":"failed","statusDetails":"Element should have text \"23.07.2023 12:38\" {By.xpath: //*[@id='top-tabContent']//span[text()='Дата создания:']/..}\nElement: '<div class=\"mt-2 mb-1\" data-v-c1c5dca4>Дата создания:\n23.07.2023 15:38</div>'\nActual value: text=\"Дата создания:\n23.07.2023 15:38\"\nScreenshot: file:/home/runner/work/tms_automation/tms_automation/build/reports/tests/1690115886756.0.png\nPage source: file:/home/runner/work/tms_automation/tms_automation/build/reports/tests/1690115886756.0.html\nTimeout: 4 s.","time":{"start":1690115865920,"stop":1690115887125,"duration":21205}},{"uid":"d918674e827c9ad","reportUrl":"https://mikhailbu.github.io/tms_automation/8//#testresult/d918674e827c9ad","status":"failed","statusDetails":"Element should have text \"22.07.2023 15:41\" {By.xpath: //*[@id='top-tabContent']//span[text()='Дата создания:']/..}\nElement: '<div class=\"mt-2 mb-1\" data-v-c1c5dca4>Дата создания:\n22.07.2023 18:41</div>'\nActual value: text=\"Дата создания:\n22.07.2023 18:41\"\nScreenshot: file:/home/runner/work/tms_automation/tms_automation/build/reports/tests/1690040506914.0.png\nPage source: file:/home/runner/work/tms_automation/tms_automation/build/reports/tests/1690040506914.0.html\nTimeout: 4 s.","time":{"start":1690040485022,"stop":1690040507320,"duration":22298}}]},"tags":["milestone"]},"source":"8bfb22af918b7957.json","parameterValues":[]}